#
# A fatal error has been detected by the Java Runtime Environment:
#
#  SIGSEGV (0xb) at pc=0x00007f1e1f85ebcb, pid=12334, tid=12348
#
# JRE version: OpenJDK Runtime Environment Temurin-17.0.7+7 (17.0.7+7) (build 17.0.7+7)
# Java VM: OpenJDK 64-Bit Server VM Temurin-17.0.7+7 (17.0.7+7, mixed mode, tiered, compressed oops, compressed class ptrs, parallel gc, linux-amd64)
# Problematic frame:
# V  [libjvm.so+0xa5ebcb]  PhaseCFG::schedule_local(Block*, GrowableArray<int>&, VectorSet&, long*)+0x1cb
#
# Core dump will be written. Default location: Core dumps may be processed with "/usr/share/apport/apport -p%p -s%s -c%c -d%d -P%P -u%u -g%g -- %E" (or dumping to /home/nasim/WorkStation/TaskAlert/core.12334)
#
# If you would like to submit a bug report, please visit:
#   https://github.com/adoptium/adoptium-support/issues
#

---------------  S U M M A R Y ------------

Command Line: --add-modules=ALL-SYSTEM --add-opens=java.base/java.util=ALL-UNNAMED --add-opens=java.base/java.lang=ALL-UNNAMED --add-opens=java.base/sun.nio.fs=ALL-UNNAMED -Declipse.application=org.eclipse.jdt.ls.core.id1 -Dosgi.bundles.defaultStartLevel=4 -Declipse.product=org.eclipse.jdt.ls.core.product -Djava.import.generatesMetadataFilesAtProjectRoot=false -Dfile.encoding=utf8 -XX:+UseParallelGC -XX:GCTimeRatio=4 -XX:AdaptiveSizePolicyWeight=90 -Dsun.zip.disableMemoryMapping=true -Xmx1G -Xms100m -Xlog:disable -javaagent:/home/nasim/.vscode/extensions/redhat.java-1.20.0-linux-x64/lombok/lombok-1.18.28.jar -XX:+HeapDumpOnOutOfMemoryError -XX:HeapDumpPath=/home/nasim/.config/Code/User/workspaceStorage/5cacdb2f295474e7cfd010c2c2d009a2/redhat.java -Daether.dependencyCollector.impl=bf /home/nasim/.vscode/extensions/redhat.java-1.20.0-linux-x64/server/plugins/org.eclipse.equinox.launcher_1.6.500.v20230622-2056.jar -configuration /home/nasim/.config/Code/User/globalStorage/redhat.java/1.20.0/config_linux -data /home/nasim/.config/Code/User/workspaceStorage/5cacdb2f295474e7cfd010c2c2d009a2/redhat.java/jdt_ws

Host: Intel(R) Core(TM) i5-4200U CPU @ 1.60GHz, 8 cores, 11G, Ubuntu 23.04
Time: Thu Jul 13 12:41:51 2023 IST elapsed time: 96.463934 seconds (0d 0h 1m 36s)

---------------  T H R E A D  ---------------

Current thread (0x00007f1e18191670):  JavaThread "C2 CompilerThread0" daemon [_thread_in_native, id=12348, stack(0x00007f1e04300000,0x00007f1e04400000)]


Current CompileTask:
C2:  96464 9158   !   4       org.eclipse.jdt.internal.compiler.classfmt.ClassFileReader::<init> (2113 bytes)

Stack: [0x00007f1e04300000,0x00007f1e04400000],  sp=0x00007f1e043fb3e0,  free space=1004k
Native frames: (J=compiled Java code, j=interpreted, Vv=VM code, C=native code)
V  [libjvm.so+0xa5ebcb]  PhaseCFG::schedule_local(Block*, GrowableArray<int>&, VectorSet&, long*)+0x1cb
V  [libjvm.so+0x78847f]  PhaseCFG::global_code_motion()+0x5cf
V  [libjvm.so+0x78994a]  PhaseCFG::do_global_code_motion()+0x4a
V  [libjvm.so+0x5cf9da]  Compile::Code_Gen()+0x29a
V  [libjvm.so+0x5d570b]  Compile::Compile(ciEnv*, ciMethod*, int, bool, bool, bool, bool, bool, DirectiveSet*)+0x148b
V  [libjvm.so+0x514d19]  C2Compiler::compile_method(ciEnv*, ciMethod*, int, bool, DirectiveSet*)+0xe9
V  [libjvm.so+0x5de072]  CompileBroker::invoke_compiler_on_method(CompileTask*)+0xef2
V  [libjvm.so+0x5ded18]  CompileBroker::compiler_thread_loop()+0x508
V  [libjvm.so+0xe62564]  JavaThread::thread_main_inner()+0x184
V  [libjvm.so+0xe65c10]  Thread::call_run()+0xc0
V  [libjvm.so+0xc1aa21]  thread_native_entry(Thread*)+0xe1


siginfo: si_signo: 11 (SIGSEGV), si_code: 1 (SEGV_MAPERR), si_addr: 0x00007f1edccb1950

Register to memory mapping:

RAX=0x00007f1ddc245cb8 points into unknown readable memory: 0x00007f1ddcafe1c8 | c8 e1 af dc 1d 7f 00 00
RBX=0x00007f1ddc260c00 points into unknown readable memory: 0x00007f1e200019f0 | f0 19 00 20 1e 7f 00 00
RCX=0x00007f1ddc48da50 points into unknown readable memory: 0x00007f1ddc3997a0 | a0 97 39 dc 1d 7f 00 00
RDX=0x00007f1ddcad72e0 points into unknown readable memory: 0x00007f1e201047e0 | e0 47 10 20 1e 7f 00 00
RSP=0x00007f1e043fb3e0 is pointing into the stack for thread: 0x00007f1e18191670
RBP=0x00007f1e043fb510 is pointing into the stack for thread: 0x00007f1e18191670
RSI=0x00000000201047e0 is an unknown value
RDI=0x00007f1ddc245e88 points into unknown readable memory: 0x00007f1e200925c8 | c8 25 09 20 1e 7f 00 00
R8 =0x00007f1e043fb960 is pointing into the stack for thread: 0x00007f1e18191670
R9 =0x000000000000000c is an unknown value
R10=0x00007f1e043fb650 is pointing into the stack for thread: 0x00007f1e18191670
R11=0x0000000000000001 is an unknown value
R12=0x00007f1ddc245a50 points into unknown readable memory: 0x00007f1e200b10b8 | b8 10 0b 20 1e 7f 00 00
R13=0x000000000000000b is an unknown value
R14=0x0000000000000058 is an unknown value
R15=0x0000000000000007 is an unknown value


Registers:
RAX=0x00007f1ddc245cb8, RBX=0x00007f1ddc260c00, RCX=0x00007f1ddc48da50, RDX=0x00007f1ddcad72e0
RSP=0x00007f1e043fb3e0, RBP=0x00007f1e043fb510, RSI=0x00000000201047e0, RDI=0x00007f1ddc245e88
R8 =0x00007f1e043fb960, R9 =0x000000000000000c, R10=0x00007f1e043fb650, R11=0x0000000000000001
R12=0x00007f1ddc245a50, R13=0x000000000000000b, R14=0x0000000000000058, R15=0x0000000000000007
RIP=0x00007f1e1f85ebcb, EFLAGS=0x0000000000010202, CSGSFS=0x002b000000000033, ERR=0x0000000000000004
  TRAPNO=0x000000000000000e

Top of Stack: (sp=0x00007f1e043fb3e0)
0x00007f1e043fb3e0:   0000000000000000 00007f1ddd6b4138
0x00007f1e043fb3f0:   00007f1e00003916 00007f1ddd6b3f48
0x00007f1e043fb400:   00007f1ddc261a68 00007f1e043fb650
0x00007f1e043fb410:   00007f1e043fb960 010000000000e470 

Instructions: (pc=0x00007f1e1f85ebcb)
0x00007f1e1f85eacb:   0f 1f 44 00 00 49 8b 44 24 08 48 8b 00 85 c9 0f
0x00007f1e1f85eadb:   84 e8 02 00 00 48 8b 53 20 48 3b 02 0f 85 a1 00
0x00007f1e1f85eaeb:   00 00 44 89 f8 48 8d 14 c5 00 00 00 00 44 39 f9
0x00007f1e1f85eafb:   0f 86 77 06 00 00 48 8b 73 20 48 8b 04 c6 48 8d
0x00007f1e1f85eb0b:   7b 10 44 39 e9 0f 86 c6 02 00 00 48 8b 4b 20 4a
0x00007f1e1f85eb1b:   89 04 31 41 8d 47 01 44 39 7b 18 0f 86 44 02 00
0x00007f1e1f85eb2b:   00 48 8b 4b 20 48 8b bd 28 ff ff ff 4c 89 24 11
0x00007f1e1f85eb3b:   80 3f 00 74 0d 80 bd 0f ff ff ff 00 0f 85 f3 02
0x00007f1e1f85eb4b:   00 00 41 89 c7 41 83 c5 01 49 83 c6 08 45 39 cd
0x00007f1e1f85eb5b:   0f 84 b7 01 00 00 8b 4b 18 45 31 e4 44 39 e9 76
0x00007f1e1f85eb6b:   08 48 8b 43 20 4e 8b 24 30 41 8b 44 24 2c 83 e0
0x00007f1e1f85eb7b:   0f 83 f8 0c 0f 84 68 ff ff ff 83 f8 08 0f 84 42
0x00007f1e1f85eb8b:   ff ff ff 41 8b 44 24 1c 85 c0 0f 84 68 0e 00 00
0x00007f1e1f85eb9b:   49 8b 54 24 08 8d 48 ff 45 31 db 48 8d 42 08 48
0x00007f1e1f85ebab:   8d 3c c8 eb 0c 48 89 c2 48 39 c7 74 30 48 83 c0
0x00007f1e1f85ebbb:   08 48 8b 12 48 85 d2 74 ec 8b 72 28 49 8b 48 78
0x00007f1e1f85ebcb:   48 3b 1c f1 75 df 48 83 7a 10 01 48 89 c2 41 83
0x00007f1e1f85ebdb:   db ff 48 39 c7 75 d6 66 0f 1f 44 00 00 49 8b 42
0x00007f1e1f85ebeb:   08 49 63 54 24 28 44 89 1c 90 41 8b 44 24 2c 83
0x00007f1e1f85ebfb:   e0 03 83 f8 02 0f 85 4a ff ff ff 41 83 7c 24 18
0x00007f1e1f85ec0b:   05 0f 86 3e ff ff ff 49 8b 04 24 4c 89 95 f8 fe
0x00007f1e1f85ec1b:   ff ff 4c 89 e7 4c 89 85 00 ff ff ff 44 89 8d 18
0x00007f1e1f85ec2b:   ff ff ff ff 90 48 01 00 00 44 8b 8d 18 ff ff ff
0x00007f1e1f85ec3b:   4c 8b 85 00 ff ff ff 3d ca 00 00 00 4c 8b 95 f8
0x00007f1e1f85ec4b:   fe ff ff 74 42 49 8b 04 24 4c 89 95 f8 fe ff ff
0x00007f1e1f85ec5b:   4c 89 e7 4c 89 85 00 ff ff ff 44 89 8d 18 ff ff
0x00007f1e1f85ec6b:   ff ff 90 48 01 00 00 44 8b 8d 18 ff ff ff 4c 8b
0x00007f1e1f85ec7b:   85 00 ff ff ff 3d d2 00 00 00 4c 8b 95 f8 fe ff
0x00007f1e1f85ec8b:   ff 0f 85 be fe ff ff 49 8b 54 24 08 4c 8b 5a 28
0x00007f1e1f85ec9b:   4d 85 db 74 12 41 8b 4b 28 49 8b 40 78 48 3b 1c
0x00007f1e1f85ecab:   c8 0f 84 78 0f 00 00 be 05 00 00 00 4c 89 e7 4c
0x00007f1e1f85ecbb:   89 95 f0 fe ff ff 41 83 c5 01 4c 89 85 f8 fe ff 


Stack slot to memory mapping:
stack at sp + 0 slots: 0x0 is NULL
stack at sp + 1 slots: 0x00007f1ddd6b4138 points into unknown readable memory: 0x0000000000000000 | 00 00 00 00 00 00 00 00
stack at sp + 2 slots: 0x00007f1e00003916 points into unknown readable memory: 00 00
stack at sp + 3 slots: 0x00007f1ddd6b3f48 points into unknown readable memory: 0x00007f1e2003f570 | 70 f5 03 20 1e 7f 00 00
stack at sp + 4 slots: 0x00007f1ddc261a68 points into unknown readable memory: 0x00007f1e043fe1a0 | a0 e1 3f 04 1e 7f 00 00
stack at sp + 5 slots: 0x00007f1e043fb650 is pointing into the stack for thread: 0x00007f1e18191670
stack at sp + 6 slots: 0x00007f1e043fb960 is pointing into the stack for thread: 0x00007f1e18191670
stack at sp + 7 slots: 0x010000000000e470 is an unknown value


---------------  P R O C E S S  ---------------

Threads class SMR info:
_java_thread_list=0x00007f1dbc32aca0, length=39, elements={
0x00007f1e18027ba0, 0x00007f1e18162890, 0x00007f1e18163e00, 0x00007f1e1818b7c0,
0x00007f1e1818f0b0, 0x00007f1e18190020, 0x00007f1e18191670, 0x00007f1e18192b20,
0x00007f1e18193f60, 0x00007f1e181e95d0, 0x00007f1e182d9250, 0x00007f1e18472240,
0x00007f1e184cc650, 0x00007f1e184cf320, 0x00007f1da4033a30, 0x00007f1da427d4e0,
0x00007f1da430ad20, 0x00007f1da43251d0, 0x00007f1da48c30d0, 0x00007f1d940079e0,
0x00007f1d90000ff0, 0x00007f1d84000ff0, 0x00007f1e1857f8c0, 0x00007f1e186682c0,
0x00007f1e18669340, 0x00007f1d880efff0, 0x00007f1d88147f60, 0x00007f1d8814ebe0,
0x00007f1d88188de0, 0x00007f1d88190000, 0x00007f1d88210510, 0x00007f1d90007bb0,
0x00007f1d84028ea0, 0x00007f1e00012c00, 0x00007f1d8402f110, 0x00007f1d881b7d80,
0x00007f1d8402a700, 0x00007f1d94023860, 0x00007f1df0001340
}

Java Threads: ( => current thread )
  0x00007f1e18027ba0 JavaThread "main" [_thread_blocked, id=12337, stack(0x00007f1e1ed00000,0x00007f1e1ee00000)]
  0x00007f1e18162890 JavaThread "Reference Handler" daemon [_thread_blocked, id=12343, stack(0x00007f1e055f4000,0x00007f1e056f4000)]
  0x00007f1e18163e00 JavaThread "Finalizer" daemon [_thread_blocked, id=12344, stack(0x00007f1e054f4000,0x00007f1e055f4000)]
  0x00007f1e1818b7c0 JavaThread "Signal Dispatcher" daemon [_thread_blocked, id=12345, stack(0x00007f1e053f4000,0x00007f1e054f4000)]
  0x00007f1e1818f0b0 JavaThread "Service Thread" daemon [_thread_blocked, id=12346, stack(0x00007f1e04500000,0x00007f1e04600000)]
  0x00007f1e18190020 JavaThread "Monitor Deflation Thread" daemon [_thread_blocked, id=12347, stack(0x00007f1e04400000,0x00007f1e04500000)]
=>0x00007f1e18191670 JavaThread "C2 CompilerThread0" daemon [_thread_in_native, id=12348, stack(0x00007f1e04300000,0x00007f1e04400000)]
  0x00007f1e18192b20 JavaThread "C1 CompilerThread0" daemon [_thread_blocked, id=12349, stack(0x00007f1e04200000,0x00007f1e04300000)]
  0x00007f1e18193f60 JavaThread "Sweeper thread" daemon [_thread_blocked, id=12350, stack(0x00007f1e04100000,0x00007f1e04200000)]
  0x00007f1e181e95d0 JavaThread "Common-Cleaner" daemon [_thread_blocked, id=12354, stack(0x00007f1e04000000,0x00007f1e04100000)]
  0x00007f1e182d9250 JavaThread "Notification Thread" daemon [_thread_blocked, id=12364, stack(0x00007f1dd3f00000,0x00007f1dd4000000)]
  0x00007f1e18472240 JavaThread "Active Thread: Equinox Container: efc41584-bff5-4e2a-abba-841224763235" [_thread_blocked, id=12396, stack(0x00007f1dd38f8000,0x00007f1dd39f8000)]
  0x00007f1e184cc650 JavaThread "Framework Event Dispatcher: Equinox Container: efc41584-bff5-4e2a-abba-841224763235" daemon [_thread_blocked, id=12410, stack(0x00007f1dd37f8000,0x00007f1dd38f8000)]
  0x00007f1e184cf320 JavaThread "Start Level: Equinox Container: efc41584-bff5-4e2a-abba-841224763235" daemon [_thread_blocked, id=12411, stack(0x00007f1dd36f8000,0x00007f1dd37f8000)]
  0x00007f1da4033a30 JavaThread "SCR Component Actor" daemon [_thread_blocked, id=12415, stack(0x00007f1dd3cfe000,0x00007f1dd3dfe000)]
  0x00007f1da427d4e0 JavaThread "Worker-JM" [_thread_blocked, id=12434, stack(0x00007f1dd3200000,0x00007f1dd3300000)]
  0x00007f1da430ad20 JavaThread "Worker-0" [_thread_blocked, id=12441, stack(0x00007f1dd3000000,0x00007f1dd3100000)]
  0x00007f1da43251d0 JavaThread "Worker-1: Java indexing... " [_thread_blocked, id=12445, stack(0x00007f1dd2f00000,0x00007f1dd3000000)]
  0x00007f1da48c30d0 JavaThread "Java indexing" daemon [_thread_in_Java, id=12459, stack(0x00007f1dd2e00000,0x00007f1dd2f00000)]
  0x00007f1d940079e0 JavaThread "Worker-2" [_thread_blocked, id=12460, stack(0x00007f1dd2d00000,0x00007f1dd2e00000)]
  0x00007f1d90000ff0 JavaThread "Worker-3" [_thread_blocked, id=12462, stack(0x00007f1dd2c00000,0x00007f1dd2d00000)]
  0x00007f1d84000ff0 JavaThread "Worker-4" [_thread_blocked, id=12464, stack(0x00007f1dd2b00000,0x00007f1dd2c00000)]
  0x00007f1e1857f8c0 JavaThread "pool-2-thread-1" [_thread_blocked, id=12467, stack(0x00007f1dd2a00000,0x00007f1dd2b00000)]
  0x00007f1e186682c0 JavaThread "WorkspaceEventsHandler" [_thread_blocked, id=12471, stack(0x00007f1dd2900000,0x00007f1dd2a00000)]
  0x00007f1e18669340 JavaThread "pool-1-thread-1" [_thread_in_native, id=12472, stack(0x00007f1dd2800000,0x00007f1dd2900000)]
  0x00007f1d880efff0 JavaThread "Timer-0" [_thread_blocked, id=12498, stack(0x00007f1dd3100000,0x00007f1dd3200000)]
  0x00007f1d88147f60 JavaThread "Timer-1" [_thread_blocked, id=12525, stack(0x00007f1dd2000000,0x00007f1dd2100000)]
  0x00007f1d8814ebe0 JavaThread "Timer-2" [_thread_blocked, id=12526, stack(0x00007f1dd2700000,0x00007f1dd2800000)]
  0x00007f1d88188de0 JavaThread "Timer-3" [_thread_blocked, id=12697, stack(0x00007f1dd1f00000,0x00007f1dd2000000)]
  0x00007f1d88190000 JavaThread "Timer-4" [_thread_blocked, id=12700, stack(0x00007f1dd1e00000,0x00007f1dd1f00000)]
  0x00007f1d88210510 JavaThread "Timer-5" [_thread_blocked, id=12702, stack(0x00007f1dd1b00000,0x00007f1dd1c00000)]
  0x00007f1d90007bb0 JavaThread "Worker-5" [_thread_blocked, id=12726, stack(0x00007f1dd1900000,0x00007f1dd1a00000)]
  0x00007f1d84028ea0 JavaThread "Worker-6" [_thread_blocked, id=12727, stack(0x00007f1dd1700000,0x00007f1dd1800000)]
  0x00007f1e00012c00 JavaThread "Worker-7" [_thread_blocked, id=12810, stack(0x00007f1dd1c00000,0x00007f1dd1d00000)]
  0x00007f1d8402f110 JavaThread "ForkJoinPool.commonPool-worker-1" daemon [_thread_blocked, id=12811, stack(0x00007f1dd1d00000,0x00007f1dd1e00000)]
  0x00007f1d881b7d80 JavaThread "Worker-8" [_thread_blocked, id=12815, stack(0x00007f1dd1800000,0x00007f1dd1900000)]
  0x00007f1d8402a700 JavaThread "ForkJoinPool.commonPool-worker-2" daemon [_thread_blocked, id=12818, stack(0x00007f1dd1a00000,0x00007f1dd1b00000)]
  0x00007f1d94023860 JavaThread "ForkJoinPool.commonPool-worker-3" daemon [_thread_blocked, id=12822, stack(0x00007f1dd1600000,0x00007f1dd1700000)]
  0x00007f1df0001340 JavaThread "Attach Listener" daemon [_thread_blocked, id=12876, stack(0x00007f1dd3300000,0x00007f1dd3400000)]

Other Threads:
  0x00007f1e18152710 VMThread "VM Thread" [stack: 0x00007f1e056f6000,0x00007f1e057f6000] [id=12342]
  0x00007f1e18071c30 WatcherThread [stack: 0x00007f1dd3e00000,0x00007f1dd3f00000] [id=12365]
  0x00007f1e1803f730 GCTaskThread "GC Thread#0" [stack: 0x00007f1e1e829000,0x00007f1e1e929000] [id=12339]
  0x00007f1df4001230 GCTaskThread "GC Thread#1" [stack: 0x00007f1dd3bfe000,0x00007f1dd3cfe000] [id=12377]
  0x00007f1df4002cb0 GCTaskThread "GC Thread#2" [stack: 0x00007f1dd3afc000,0x00007f1dd3bfc000] [id=12378]
  0x00007f1df40036b0 GCTaskThread "GC Thread#3" [stack: 0x00007f1dd39fa000,0x00007f1dd3afa000] [id=12379]

Threads with active compile tasks:
C2 CompilerThread0    96475 9158   !   4       org.eclipse.jdt.internal.compiler.classfmt.ClassFileReader::<init> (2113 bytes)

VM state: not at safepoint (normal execution)

VM Mutex/Monitor currently owned by a thread: None

Heap address: 0x00000000c0000000, size: 1024 MB, Compressed Oops mode: 32-bit

CDS archive(s) not mapped
Compressed class space mapped at: 0x0000000100000000-0x0000000140000000, reserved size: 1073741824
Narrow klass base: 0x0000000000000000, Narrow klass shift: 3, Narrow klass range: 0x140000000

GC Precious Log:
 CPUs: 8 total, 4 available
 Memory: 11845M
 Large Page Support: Disabled
 NUMA Support: Disabled
 Compressed Oops: Enabled (32-bit)
 Alignments: Space 512K, Generation 512K, Heap 2M
 Heap Min Capacity: 100M
 Heap Initial Capacity: 100M
 Heap Max Capacity: 1G
 Pre-touch: Disabled
 Parallel Workers: 4

Heap:
 PSYoungGen      total 15872K, used 15434K [0x00000000eab00000, 0x00000000ec200000, 0x0000000100000000)
  eden space 14848K, 97% used [0x00000000eab00000,0x00000000eb912968,0x00000000eb980000)
  from space 1024K, 100% used [0x00000000ebd80000,0x00000000ebe80000,0x00000000ebe80000)
  to   space 4096K, 0% used [0x00000000eb980000,0x00000000eb980000,0x00000000ebd80000)
 ParOldGen       total 276480K, used 250197K [0x00000000c0000000, 0x00000000d0e00000, 0x00000000eab00000)
  object space 276480K, 90% used [0x00000000c0000000,0x00000000cf4554e8,0x00000000d0e00000)
 Metaspace       used 69894K, committed 70912K, reserved 1114112K
  class space    used 8449K, committed 8896K, reserved 1048576K

Card table byte_map: [0x00007f1e1e929000,0x00007f1e1eb2a000] _byte_map_base: 0x00007f1e1e329000

Marking Bits: (ParMarkBitMap*) 0x00007f1e2011eb00
 Begin Bits: [0x00007f1e1c6d1000, 0x00007f1e1d6d1000)
 End Bits:   [0x00007f1e1d6d1000, 0x00007f1e1e6d1000)

Polling page: 0x00007f1e205ee000

Metaspace:

Usage:
  Non-class:     60.01 MB used.
      Class:      8.25 MB used.
       Both:     68.26 MB used.

Virtual space:
  Non-class space:       64.00 MB reserved,      60.56 MB ( 95%) committed,  1 nodes.
      Class space:        1.00 GB reserved,       8.69 MB ( <1%) committed,  1 nodes.
             Both:        1.06 GB reserved,      69.25 MB (  6%) committed. 

Chunk freelists:
   Non-Class:  3.34 MB
       Class:  7.33 MB
        Both:  10.67 MB

MaxMetaspaceSize: unlimited
CompressedClassSpaceSize: 1.00 GB
Initial GC threshold: 21.00 MB
Current GC threshold: 115.44 MB
CDS: off
MetaspaceReclaimPolicy: balanced
 - commit_granule_bytes: 65536.
 - commit_granule_words: 8192.
 - virtual_space_node_default_size: 8388608.
 - enlarge_chunks_in_place: 1.
 - new_chunks_are_fully_committed: 0.
 - uncommit_free_chunks: 1.
 - use_allocation_guard: 0.
 - handle_deallocations: 1.


Internal statistics:

num_allocs_failed_limit: 6.
num_arena_births: 672.
num_arena_deaths: 14.
num_vsnodes_births: 2.
num_vsnodes_deaths: 0.
num_space_committed: 1108.
num_space_uncommitted: 0.
num_chunks_returned_to_freelist: 20.
num_chunks_taken_from_freelist: 3397.
num_chunk_merges: 7.
num_chunk_splits: 2188.
num_chunks_enlarged: 1345.
num_inconsistent_stats: 0.

CodeHeap 'non-profiled nmethods': size=120032Kb used=5739Kb max_used=6204Kb free=114292Kb
 bounds [0x00007f1e0dcc8000, 0x00007f1e0e2e8000, 0x00007f1e15200000]
CodeHeap 'profiled nmethods': size=120028Kb used=13595Kb max_used=13629Kb free=106432Kb
 bounds [0x00007f1e06200000, 0x00007f1e06f80000, 0x00007f1e0d737000]
CodeHeap 'non-nmethods': size=5700Kb used=1316Kb max_used=1381Kb free=4383Kb
 bounds [0x00007f1e0d737000, 0x00007f1e0d9a7000, 0x00007f1e0dcc8000]
 total_blobs=7764 nmethods=7109 adapters=570
 compilation: enabled
              stopped_count=0, restarted_count=0
 full_count=0

Compilation events (20 events):
Event: 95.227 Thread 0x00007f1e18191670 nmethod 9149 0x00007f1e0dded790 code [0x00007f1e0ddedde0, 0x00007f1e0ddf8cb8]
Event: 95.228 Thread 0x00007f1e18191670 9150       4       org.eclipse.jdt.core.Signature::appendTypeSignature (513 bytes)
Event: 95.231 Thread 0x00007f1e18191670 nmethod 9150 0x00007f1e0e2a3e90 code [0x00007f1e0e2a4100, 0x00007f1e0e2a46f8]
Event: 95.350 Thread 0x00007f1e18191670 9151       4       org.eclipse.jdt.internal.core.search.indexing.BinaryIndexer::convertToArrayType (63 bytes)
Event: 95.354 Thread 0x00007f1e18191670 nmethod 9151 0x00007f1e0e2a3810 code [0x00007f1e0e2a39a0, 0x00007f1e0e2a3d58]
Event: 95.440 Thread 0x00007f1e18191670 9152       4       org.eclipse.jdt.internal.core.search.indexing.BinaryIndexer::addBinaryStandardAnnotations (238 bytes)
Event: 95.637 Thread 0x00007f1e18192b20 9154       3       org.eclipse.jdt.internal.compiler.parser.Scanner::internalScanIdentifierOrKeyword (4773 bytes)
Event: 95.650 Thread 0x00007f1e18192b20 nmethod 9154 0x00007f1e06d7b710 code [0x00007f1e06d7c520, 0x00007f1e06d87c30]
Event: 95.714 Thread 0x00007f1e18191670 nmethod 9152 0x00007f1e0de19a90 code [0x00007f1e0de1a000, 0x00007f1e0de21b08]
Event: 95.714 Thread 0x00007f1e18191670 9153       4       java.util.zip.ZipFile$ZipFileInflaterInputStream::available (44 bytes)
Event: 95.716 Thread 0x00007f1e18191670 nmethod 9153 0x00007f1e0e2a3110 code [0x00007f1e0e2a32a0, 0x00007f1e0e2a3598]
Event: 95.749 Thread 0x00007f1e18191670 9155       4       org.eclipse.jdt.internal.compiler.parser.Scanner::internalScanIdentifierOrKeyword (4773 bytes)
Event: 95.799 Thread 0x00007f1e18191670 nmethod 9155 0x00007f1e0e01d290 code [0x00007f1e0e01d600, 0x00007f1e0e01f5b0]
Event: 95.816 Thread 0x00007f1e18192b20 9156       3       org.eclipse.jdt.internal.compiler.parser.Scanner::checkFor_KeyWord (166 bytes)
Event: 95.817 Thread 0x00007f1e18192b20 nmethod 9156 0x00007f1e06c52e10 code [0x00007f1e06c53100, 0x00007f1e06c540d0]
Event: 95.978 Thread 0x00007f1e18192b20 9157   !   3       org.eclipse.jdt.internal.compiler.classfmt.ClassFileReader::<init> (2113 bytes)
Event: 95.988 Thread 0x00007f1e18192b20 nmethod 9157 0x00007f1e06f0a510 code [0x00007f1e06f0aea0, 0x00007f1e06f13750]
Event: 96.028 Thread 0x00007f1e18191670 9158   !   4       org.eclipse.jdt.internal.compiler.classfmt.ClassFileReader::<init> (2113 bytes)
Event: 96.066 Thread 0x00007f1e18192b20 9159       3       org.eclipse.jdt.internal.compiler.parser.Scanner::internalScanIdentifierOrKeyword (4773 bytes)
Event: 96.082 Thread 0x00007f1e18192b20 nmethod 9159 0x00007f1e06f70690 code [0x00007f1e06f714a0, 0x00007f1e06f7cbb0]

GC Heap History (20 events):
Event: 95.887 GC heap before
{Heap before GC invocations=280 (full 13):
 PSYoungGen      total 18944K, used 18848K [0x00000000eab00000, 0x00000000ebf80000, 0x0000000100000000)
  eden space 16896K, 100% used [0x00000000eab00000,0x00000000ebb80000,0x00000000ebb80000)
  from space 2048K, 95% used [0x00000000ebc00000,0x00000000ebde8000,0x00000000ebe00000)
  to   space 1536K, 0% used [0x00000000ebe00000,0x00000000ebe00000,0x00000000ebf80000)
 ParOldGen       total 276480K, used 228909K [0x00000000c0000000, 0x00000000d0e00000, 0x00000000eab00000)
  object space 276480K, 82% used [0x00000000c0000000,0x00000000cdf8b4d0,0x00000000d0e00000)
 Metaspace       used 69894K, committed 70912K, reserved 1114112K
  class space    used 8449K, committed 8896K, reserved 1048576K
}
Event: 95.891 GC heap after
{Heap after GC invocations=280 (full 13):
 PSYoungGen      total 16896K, used 1536K [0x00000000eab00000, 0x00000000ec380000, 0x0000000100000000)
  eden space 15360K, 0% used [0x00000000eab00000,0x00000000eab00000,0x00000000eba00000)
  from space 1536K, 100% used [0x00000000ebe00000,0x00000000ebf80000,0x00000000ebf80000)
  to   space 4096K, 0% used [0x00000000eba00000,0x00000000eba00000,0x00000000ebe00000)
 ParOldGen       total 276480K, used 231045K [0x00000000c0000000, 0x00000000d0e00000, 0x00000000eab00000)
  object space 276480K, 83% used [0x00000000c0000000,0x00000000ce1a14d0,0x00000000d0e00000)
 Metaspace       used 69894K, committed 70912K, reserved 1114112K
  class space    used 8449K, committed 8896K, reserved 1048576K
}
Event: 95.927 GC heap before
{Heap before GC invocations=281 (full 13):
 PSYoungGen      total 16896K, used 16896K [0x00000000eab00000, 0x00000000ec380000, 0x0000000100000000)
  eden space 15360K, 100% used [0x00000000eab00000,0x00000000eba00000,0x00000000eba00000)
  from space 1536K, 100% used [0x00000000ebe00000,0x00000000ebf80000,0x00000000ebf80000)
  to   space 4096K, 0% used [0x00000000eba00000,0x00000000eba00000,0x00000000ebe00000)
 ParOldGen       total 276480K, used 231045K [0x00000000c0000000, 0x00000000d0e00000, 0x00000000eab00000)
  object space 276480K, 83% used [0x00000000c0000000,0x00000000ce1a14d0,0x00000000d0e00000)
 Metaspace       used 69894K, committed 70912K, reserved 1114112K
  class space    used 8449K, committed 8896K, reserved 1048576K
}
Event: 95.932 GC heap after
{Heap after GC invocations=281 (full 13):
 PSYoungGen      total 17408K, used 1824K [0x00000000eab00000, 0x00000000ebf00000, 0x0000000100000000)
  eden space 15360K, 0% used [0x00000000eab00000,0x00000000eab00000,0x00000000eba00000)
  from space 2048K, 89% used [0x00000000eba00000,0x00000000ebbc8000,0x00000000ebc00000)
  to   space 2560K, 0% used [0x00000000ebc80000,0x00000000ebc80000,0x00000000ebf00000)
 ParOldGen       total 276480K, used 232613K [0x00000000c0000000, 0x00000000d0e00000, 0x00000000eab00000)
  object space 276480K, 84% used [0x00000000c0000000,0x00000000ce3294d0,0x00000000d0e00000)
 Metaspace       used 69894K, committed 70912K, reserved 1114112K
  class space    used 8449K, committed 8896K, reserved 1048576K
}
Event: 95.968 GC heap before
{Heap before GC invocations=282 (full 13):
 PSYoungGen      total 17408K, used 17184K [0x00000000eab00000, 0x00000000ebf00000, 0x0000000100000000)
  eden space 15360K, 100% used [0x00000000eab00000,0x00000000eba00000,0x00000000eba00000)
  from space 2048K, 89% used [0x00000000eba00000,0x00000000ebbc8000,0x00000000ebc00000)
  to   space 2560K, 0% used [0x00000000ebc80000,0x00000000ebc80000,0x00000000ebf00000)
 ParOldGen       total 276480K, used 232613K [0x00000000c0000000, 0x00000000d0e00000, 0x00000000eab00000)
  object space 276480K, 84% used [0x00000000c0000000,0x00000000ce3294d0,0x00000000d0e00000)
 Metaspace       used 69894K, committed 70912K, reserved 1114112K
  class space    used 8449K, committed 8896K, reserved 1048576K
}
Event: 95.972 GC heap after
{Heap after GC invocations=282 (full 13):
 PSYoungGen      total 17408K, used 1728K [0x00000000eab00000, 0x00000000ebe80000, 0x0000000100000000)
  eden space 15360K, 0% used [0x00000000eab00000,0x00000000eab00000,0x00000000eba00000)
  from space 2048K, 84% used [0x00000000ebc80000,0x00000000ebe30000,0x00000000ebe80000)
  to   space 2048K, 0% used [0x00000000eba00000,0x00000000eba00000,0x00000000ebc00000)
 ParOldGen       total 276480K, used 234445K [0x00000000c0000000, 0x00000000d0e00000, 0x00000000eab00000)
  object space 276480K, 84% used [0x00000000c0000000,0x00000000ce4f34d0,0x00000000d0e00000)
 Metaspace       used 69894K, committed 70912K, reserved 1114112K
  class space    used 8449K, committed 8896K, reserved 1048576K
}
Event: 96.011 GC heap before
{Heap before GC invocations=283 (full 13):
 PSYoungGen      total 17408K, used 17088K [0x00000000eab00000, 0x00000000ebe80000, 0x0000000100000000)
  eden space 15360K, 100% used [0x00000000eab00000,0x00000000eba00000,0x00000000eba00000)
  from space 2048K, 84% used [0x00000000ebc80000,0x00000000ebe30000,0x00000000ebe80000)
  to   space 2048K, 0% used [0x00000000eba00000,0x00000000eba00000,0x00000000ebc00000)
 ParOldGen       total 276480K, used 234445K [0x00000000c0000000, 0x00000000d0e00000, 0x00000000eab00000)
  object space 276480K, 84% used [0x00000000c0000000,0x00000000ce4f34d0,0x00000000d0e00000)
 Metaspace       used 69894K, committed 70912K, reserved 1114112K
  class space    used 8449K, committed 8896K, reserved 1048576K
}
Event: 96.015 GC heap after
{Heap after GC invocations=283 (full 13):
 PSYoungGen      total 17408K, used 1824K [0x00000000eab00000, 0x00000000ebe00000, 0x0000000100000000)
  eden space 15360K, 0% used [0x00000000eab00000,0x00000000eab00000,0x00000000eba00000)
  from space 2048K, 89% used [0x00000000eba00000,0x00000000ebbc8000,0x00000000ebc00000)
  to   space 2048K, 0% used [0x00000000ebc00000,0x00000000ebc00000,0x00000000ebe00000)
 ParOldGen       total 276480K, used 236157K [0x00000000c0000000, 0x00000000d0e00000, 0x00000000eab00000)
  object space 276480K, 85% used [0x00000000c0000000,0x00000000ce69f4d0,0x00000000d0e00000)
 Metaspace       used 69894K, committed 70912K, reserved 1114112K
  class space    used 8449K, committed 8896K, reserved 1048576K
}
Event: 96.058 GC heap before
{Heap before GC invocations=284 (full 13):
 PSYoungGen      total 17408K, used 17184K [0x00000000eab00000, 0x00000000ebe00000, 0x0000000100000000)
  eden space 15360K, 100% used [0x00000000eab00000,0x00000000eba00000,0x00000000eba00000)
  from space 2048K, 89% used [0x00000000eba00000,0x00000000ebbc8000,0x00000000ebc00000)
  to   space 2048K, 0% used [0x00000000ebc00000,0x00000000ebc00000,0x00000000ebe00000)
 ParOldGen       total 276480K, used 236157K [0x00000000c0000000, 0x00000000d0e00000, 0x00000000eab00000)
  object space 276480K, 85% used [0x00000000c0000000,0x00000000ce69f4d0,0x00000000d0e00000)
 Metaspace       used 69894K, committed 70912K, reserved 1114112K
  class space    used 8449K, committed 8896K, reserved 1048576K
}
Event: 96.063 GC heap after
{Heap after GC invocations=284 (full 13):
 PSYoungGen      total 17408K, used 1600K [0x00000000eab00000, 0x00000000ebe00000, 0x0000000100000000)
  eden space 15360K, 0% used [0x00000000eab00000,0x00000000eab00000,0x00000000eba00000)
  from space 2048K, 78% used [0x00000000ebc00000,0x00000000ebd90000,0x00000000ebe00000)
  to   space 2048K, 0% used [0x00000000eba00000,0x00000000eba00000,0x00000000ebc00000)
 ParOldGen       total 276480K, used 237933K [0x00000000c0000000, 0x00000000d0e00000, 0x00000000eab00000)
  object space 276480K, 86% used [0x00000000c0000000,0x00000000ce85b4d0,0x00000000d0e00000)
 Metaspace       used 69894K, committed 70912K, reserved 1114112K
  class space    used 8449K, committed 8896K, reserved 1048576K
}
Event: 96.149 GC heap before
{Heap before GC invocations=285 (full 13):
 PSYoungGen      total 17408K, used 16960K [0x00000000eab00000, 0x00000000ebe00000, 0x0000000100000000)
  eden space 15360K, 100% used [0x00000000eab00000,0x00000000eba00000,0x00000000eba00000)
  from space 2048K, 78% used [0x00000000ebc00000,0x00000000ebd90000,0x00000000ebe00000)
  to   space 2048K, 0% used [0x00000000eba00000,0x00000000eba00000,0x00000000ebc00000)
 ParOldGen       total 276480K, used 237933K [0x00000000c0000000, 0x00000000d0e00000, 0x00000000eab00000)
  object space 276480K, 86% used [0x00000000c0000000,0x00000000ce85b4d0,0x00000000d0e00000)
 Metaspace       used 69894K, committed 70912K, reserved 1114112K
  class space    used 8449K, committed 8896K, reserved 1048576K
}
Event: 96.155 GC heap after
{Heap after GC invocations=285 (full 13):
 PSYoungGen      total 17408K, used 2016K [0x00000000eab00000, 0x00000000ec500000, 0x0000000100000000)
  eden space 15360K, 0% used [0x00000000eab00000,0x00000000eab00000,0x00000000eba00000)
  from space 2048K, 98% used [0x00000000eba00000,0x00000000ebbf8008,0x00000000ebc00000)
  to   space 5632K, 0% used [0x00000000ebf80000,0x00000000ebf80000,0x00000000ec500000)
 ParOldGen       total 276480K, used 240765K [0x00000000c0000000, 0x00000000d0e00000, 0x00000000eab00000)
  object space 276480K, 87% used [0x00000000c0000000,0x00000000ceb1f4d0,0x00000000d0e00000)
 Metaspace       used 69894K, committed 70912K, reserved 1114112K
  class space    used 8449K, committed 8896K, reserved 1048576K
}
Event: 96.198 GC heap before
{Heap before GC invocations=286 (full 13):
 PSYoungGen      total 17408K, used 17376K [0x00000000eab00000, 0x00000000ec500000, 0x0000000100000000)
  eden space 15360K, 100% used [0x00000000eab00000,0x00000000eba00000,0x00000000eba00000)
  from space 2048K, 98% used [0x00000000eba00000,0x00000000ebbf8008,0x00000000ebc00000)
  to   space 5632K, 0% used [0x00000000ebf80000,0x00000000ebf80000,0x00000000ec500000)
 ParOldGen       total 276480K, used 240765K [0x00000000c0000000, 0x00000000d0e00000, 0x00000000eab00000)
  object space 276480K, 87% used [0x00000000c0000000,0x00000000ceb1f4d0,0x00000000d0e00000)
 Metaspace       used 69894K, committed 70912K, reserved 1114112K
  class space    used 8449K, committed 8896K, reserved 1048576K
}
Event: 96.202 GC heap after
{Heap after GC invocations=286 (full 13):
 PSYoungGen      total 17408K, used 1760K [0x00000000eab00000, 0x00000000ec180000, 0x0000000100000000)
  eden space 15360K, 0% used [0x00000000eab00000,0x00000000eab00000,0x00000000eba00000)
  from space 2048K, 85% used [0x00000000ebf80000,0x00000000ec138000,0x00000000ec180000)
  to   space 3072K, 0% used [0x00000000ebb80000,0x00000000ebb80000,0x00000000ebe80000)
 ParOldGen       total 276480K, used 242789K [0x00000000c0000000, 0x00000000d0e00000, 0x00000000eab00000)
  object space 276480K, 87% used [0x00000000c0000000,0x00000000ced194d8,0x00000000d0e00000)
 Metaspace       used 69894K, committed 70912K, reserved 1114112K
  class space    used 8449K, committed 8896K, reserved 1048576K
}
Event: 96.252 GC heap before
{Heap before GC invocations=287 (full 13):
 PSYoungGen      total 17408K, used 17120K [0x00000000eab00000, 0x00000000ec180000, 0x0000000100000000)
  eden space 15360K, 100% used [0x00000000eab00000,0x00000000eba00000,0x00000000eba00000)
  from space 2048K, 85% used [0x00000000ebf80000,0x00000000ec138000,0x00000000ec180000)
  to   space 3072K, 0% used [0x00000000ebb80000,0x00000000ebb80000,0x00000000ebe80000)
 ParOldGen       total 276480K, used 242789K [0x00000000c0000000, 0x00000000d0e00000, 0x00000000eab00000)
  object space 276480K, 87% used [0x00000000c0000000,0x00000000ced194d8,0x00000000d0e00000)
 Metaspace       used 69894K, committed 70912K, reserved 1114112K
  class space    used 8449K, committed 8896K, reserved 1048576K
}
Event: 96.256 GC heap after
{Heap after GC invocations=287 (full 13):
 PSYoungGen      total 17408K, used 1848K [0x00000000eab00000, 0x00000000ec000000, 0x0000000100000000)
  eden space 15360K, 0% used [0x00000000eab00000,0x00000000eab00000,0x00000000eba00000)
  from space 2048K, 90% used [0x00000000ebb80000,0x00000000ebd4e010,0x00000000ebd80000)
  to   space 2048K, 0% used [0x00000000ebe00000,0x00000000ebe00000,0x00000000ec000000)
 ParOldGen       total 276480K, used 244509K [0x00000000c0000000, 0x00000000d0e00000, 0x00000000eab00000)
  object space 276480K, 88% used [0x00000000c0000000,0x00000000ceec74d8,0x00000000d0e00000)
 Metaspace       used 69894K, committed 70912K, reserved 1114112K
  class space    used 8449K, committed 8896K, reserved 1048576K
}
Event: 96.297 GC heap before
{Heap before GC invocations=288 (full 13):
 PSYoungGen      total 17408K, used 17208K [0x00000000eab00000, 0x00000000ec000000, 0x0000000100000000)
  eden space 15360K, 100% used [0x00000000eab00000,0x00000000eba00000,0x00000000eba00000)
  from space 2048K, 90% used [0x00000000ebb80000,0x00000000ebd4e010,0x00000000ebd80000)
  to   space 2048K, 0% used [0x00000000ebe00000,0x00000000ebe00000,0x00000000ec000000)
 ParOldGen       total 276480K, used 244509K [0x00000000c0000000, 0x00000000d0e00000, 0x00000000eab00000)
  object space 276480K, 88% used [0x00000000c0000000,0x00000000ceec74d8,0x00000000d0e00000)
 Metaspace       used 69894K, committed 70912K, reserved 1114112K
  class space    used 8449K, committed 8896K, reserved 1048576K
}
Event: 96.302 GC heap after
{Heap after GC invocations=288 (full 13):
 PSYoungGen      total 17408K, used 1600K [0x00000000eab00000, 0x00000000ec000000, 0x0000000100000000)
  eden space 15360K, 0% used [0x00000000eab00000,0x00000000eab00000,0x00000000eba00000)
  from space 2048K, 78% used [0x00000000ebe00000,0x00000000ebf90000,0x00000000ec000000)
  to   space 2048K, 0% used [0x00000000ebb80000,0x00000000ebb80000,0x00000000ebd80000)
 ParOldGen       total 276480K, used 246309K [0x00000000c0000000, 0x00000000d0e00000, 0x00000000eab00000)
  object space 276480K, 89% used [0x00000000c0000000,0x00000000cf0894e8,0x00000000d0e00000)
 Metaspace       used 69894K, committed 70912K, reserved 1114112K
  class space    used 8449K, committed 8896K, reserved 1048576K
}
Event: 96.353 GC heap before
{Heap before GC invocations=289 (full 13):
 PSYoungGen      total 17408K, used 16960K [0x00000000eab00000, 0x00000000ec000000, 0x0000000100000000)
  eden space 15360K, 100% used [0x00000000eab00000,0x00000000eba00000,0x00000000eba00000)
  from space 2048K, 78% used [0x00000000ebe00000,0x00000000ebf90000,0x00000000ec000000)
  to   space 2048K, 0% used [0x00000000ebb80000,0x00000000ebb80000,0x00000000ebd80000)
 ParOldGen       total 276480K, used 246309K [0x00000000c0000000, 0x00000000d0e00000, 0x00000000eab00000)
  object space 276480K, 89% used [0x00000000c0000000,0x00000000cf0894e8,0x00000000d0e00000)
 Metaspace       used 69894K, committed 70912K, reserved 1114112K
  class space    used 8449K, committed 8896K, reserved 1048576K
}
Event: 96.358 GC heap after
{Heap after GC invocations=289 (full 13):
 PSYoungGen      total 17408K, used 1728K [0x00000000eab00000, 0x00000000ebe80000, 0x0000000100000000)
  eden space 15360K, 0% used [0x00000000eab00000,0x00000000eab00000,0x00000000eba00000)
  from space 2048K, 84% used [0x00000000ebb80000,0x00000000ebd30000,0x00000000ebd80000)
  to   space 1024K, 0% used [0x00000000ebd80000,0x00000000ebd80000,0x00000000ebe80000)
 ParOldGen       total 276480K, used 247893K [0x00000000c0000000, 0x00000000d0e00000, 0x00000000eab00000)
  object space 276480K, 89% used [0x00000000c0000000,0x00000000cf2154e8,0x00000000d0e00000)
 Metaspace       used 69894K, committed 70912K, reserved 1114112K
  class space    used 8449K, committed 8896K, reserved 1048576K
}

Dll operation events (13 events):
Event: 0.007 Loaded shared library /home/nasim/.vscode/extensions/redhat.java-1.20.0-linux-x64/jre/17.0.7-linux-x86_64/lib/libjava.so
Event: 0.499 Loaded shared library /home/nasim/.vscode/extensions/redhat.java-1.20.0-linux-x64/jre/17.0.7-linux-x86_64/lib/libzip.so
Event: 0.524 Loaded shared library /home/nasim/.vscode/extensions/redhat.java-1.20.0-linux-x64/jre/17.0.7-linux-x86_64/lib/libinstrument.so
Event: 0.557 Loaded shared library /home/nasim/.vscode/extensions/redhat.java-1.20.0-linux-x64/jre/17.0.7-linux-x86_64/lib/libnio.so
Event: 0.575 Loaded shared library /home/nasim/.vscode/extensions/redhat.java-1.20.0-linux-x64/jre/17.0.7-linux-x86_64/lib/libzip.so
Event: 0.635 Loaded shared library /home/nasim/.vscode/extensions/redhat.java-1.20.0-linux-x64/jre/17.0.7-linux-x86_64/lib/libjimage.so
Event: 0.768 Loaded shared library /home/nasim/.vscode/extensions/redhat.java-1.20.0-linux-x64/jre/17.0.7-linux-x86_64/lib/libverify.so
Event: 2.958 Loaded shared library /home/nasim/.vscode/extensions/redhat.java-1.20.0-linux-x64/jre/17.0.7-linux-x86_64/lib/libnet.so
Event: 4.873 Loaded shared library /home/nasim/.config/Code/User/globalStorage/redhat.java/1.20.0/config_linux/org.eclipse.equinox.launcher/org.eclipse.equinox.launcher.gtk.linux.x86_64_1.2.700.v20221108-1024/eclipse_11801.so
Event: 6.861 Loaded shared library /home/nasim/.vscode/extensions/redhat.java-1.20.0-linux-x64/jre/17.0.7-linux-x86_64/lib/libmanagement.so
Event: 6.873 Loaded shared library /home/nasim/.vscode/extensions/redhat.java-1.20.0-linux-x64/jre/17.0.7-linux-x86_64/lib/libmanagement_ext.so
Event: 19.123 Loaded shared library /home/nasim/.gradle/native/68d5fa5c4cc2d200863cafc0d521ce42e7d3e7ee720ec0a83991735586a16f82/linux-amd64/libnative-platform.so
Event: 27.161 Loaded shared library /home/nasim/.vscode/extensions/redhat.java-1.20.0-linux-x64/jre/17.0.7-linux-x86_64/lib/libextnet.so

Deoptimization events (20 events):
Event: 96.289 Thread 0x00007f1da48c30d0 DEOPT PACKING pc=0x00007f1e06f117dd sp=0x00007f1dd2efe2a0
Event: 96.289 Thread 0x00007f1da48c30d0 DEOPT UNPACKING pc=0x00007f1e0d78db2f sp=0x00007f1dd2efd7e8 mode 0
Event: 96.304 Thread 0x00007f1da48c30d0 DEOPT PACKING pc=0x00007f1e06f11d08 sp=0x00007f1dd2efe2a0
Event: 96.304 Thread 0x00007f1da48c30d0 DEOPT UNPACKING pc=0x00007f1e0d78db2f sp=0x00007f1dd2efd7e8 mode 0
Event: 96.315 Thread 0x00007f1da48c30d0 DEOPT PACKING pc=0x00007f1e06f117dd sp=0x00007f1dd2efe2a0
Event: 96.315 Thread 0x00007f1da48c30d0 DEOPT UNPACKING pc=0x00007f1e0d78db2f sp=0x00007f1dd2efd7e8 mode 0
Event: 96.323 Thread 0x00007f1da48c30d0 DEOPT PACKING pc=0x00007f1e06f117dd sp=0x00007f1dd2efe2a0
Event: 96.323 Thread 0x00007f1da48c30d0 DEOPT UNPACKING pc=0x00007f1e0d78db2f sp=0x00007f1dd2efd7e8 mode 0
Event: 96.333 Thread 0x00007f1da48c30d0 DEOPT PACKING pc=0x00007f1e06f117dd sp=0x00007f1dd2efe2a0
Event: 96.333 Thread 0x00007f1da48c30d0 DEOPT UNPACKING pc=0x00007f1e0d78db2f sp=0x00007f1dd2efd7e8 mode 0
Event: 96.344 Thread 0x00007f1da48c30d0 DEOPT PACKING pc=0x00007f1e06f117dd sp=0x00007f1dd2efe2a0
Event: 96.344 Thread 0x00007f1da48c30d0 DEOPT UNPACKING pc=0x00007f1e0d78db2f sp=0x00007f1dd2efd7e8 mode 0
Event: 96.360 Thread 0x00007f1da48c30d0 DEOPT PACKING pc=0x00007f1e06f117dd sp=0x00007f1dd2efe2a0
Event: 96.360 Thread 0x00007f1da48c30d0 DEOPT UNPACKING pc=0x00007f1e0d78db2f sp=0x00007f1dd2efd7e8 mode 0
Event: 96.372 Thread 0x00007f1da48c30d0 DEOPT PACKING pc=0x00007f1e06f117dd sp=0x00007f1dd2efe2a0
Event: 96.372 Thread 0x00007f1da48c30d0 DEOPT UNPACKING pc=0x00007f1e0d78db2f sp=0x00007f1dd2efd7e8 mode 0
Event: 96.384 Thread 0x00007f1da48c30d0 DEOPT PACKING pc=0x00007f1e06f117dd sp=0x00007f1dd2efe2a0
Event: 96.384 Thread 0x00007f1da48c30d0 DEOPT UNPACKING pc=0x00007f1e0d78db2f sp=0x00007f1dd2efd7e8 mode 0
Event: 96.392 Thread 0x00007f1da48c30d0 DEOPT PACKING pc=0x00007f1e06f117dd sp=0x00007f1dd2efe2a0
Event: 96.392 Thread 0x00007f1da48c30d0 DEOPT UNPACKING pc=0x00007f1e0d78db2f sp=0x00007f1dd2efd7e8 mode 0

Classes unloaded (7 events):
Event: 7.239 Thread 0x00007f1e18152710 Unloading class 0x0000000100242400 'java/lang/invoke/LambdaForm$MH+0x0000000100242400'
Event: 7.239 Thread 0x00007f1e18152710 Unloading class 0x0000000100242000 'java/lang/invoke/LambdaForm$MH+0x0000000100242000'
Event: 7.239 Thread 0x00007f1e18152710 Unloading class 0x0000000100241c00 'java/lang/invoke/LambdaForm$MH+0x0000000100241c00'
Event: 7.239 Thread 0x00007f1e18152710 Unloading class 0x0000000100241400 'java/lang/invoke/LambdaForm$MH+0x0000000100241400'
Event: 7.239 Thread 0x00007f1e18152710 Unloading class 0x0000000100241000 'java/lang/invoke/LambdaForm$BMH+0x0000000100241000'
Event: 7.239 Thread 0x00007f1e18152710 Unloading class 0x0000000100240c00 'java/lang/invoke/LambdaForm$DMH+0x0000000100240c00'
Event: 7.239 Thread 0x00007f1e18152710 Unloading class 0x000000010023e000 'java/lang/invoke/LambdaForm$DMH+0x000000010023e000'

Classes redefined (0 events):
No events

Internal exceptions (20 events):
Event: 93.447 Thread 0x00007f1da48c30d0 Exception <a 'sun/nio/fs/UnixException'{0x00000000ebd7ddf8}> (0x00000000ebd7ddf8) 
thrown [src/hotspot/share/prims/jni.cpp, line 516]
Event: 93.454 Thread 0x00007f1da48c30d0 Exception <a 'sun/nio/fs/UnixException'{0x00000000ebddb230}> (0x00000000ebddb230) 
thrown [src/hotspot/share/prims/jni.cpp, line 516]
Event: 93.559 Thread 0x00007f1da48c30d0 Exception <a 'sun/nio/fs/UnixException'{0x00000000eb79e978}> (0x00000000eb79e978) 
thrown [src/hotspot/share/prims/jni.cpp, line 516]
Event: 93.574 Thread 0x00007f1da48c30d0 Exception <a 'sun/nio/fs/UnixException'{0x00000000eb85d800}> (0x00000000eb85d800) 
thrown [src/hotspot/share/prims/jni.cpp, line 516]
Event: 93.585 Thread 0x00007f1da48c30d0 Exception <a 'sun/nio/fs/UnixException'{0x00000000eb9cd228}> (0x00000000eb9cd228) 
thrown [src/hotspot/share/prims/jni.cpp, line 516]
Event: 93.647 Thread 0x00007f1da48c30d0 Exception <a 'sun/nio/fs/UnixException'{0x00000000ebe56a78}> (0x00000000ebe56a78) 
thrown [src/hotspot/share/prims/jni.cpp, line 516]
Event: 93.707 Thread 0x00007f1da48c30d0 Exception <a 'sun/nio/fs/UnixException'{0x00000000eb375180}> (0x00000000eb375180) 
thrown [src/hotspot/share/prims/jni.cpp, line 516]
Event: 93.718 Thread 0x00007f1da48c30d0 Exception <a 'sun/nio/fs/UnixException'{0x00000000eb4ef878}> (0x00000000eb4ef878) 
thrown [src/hotspot/share/prims/jni.cpp, line 516]
Event: 93.747 Thread 0x00007f1da48c30d0 Exception <a 'sun/nio/fs/UnixException'{0x00000000eb9f7358}> (0x00000000eb9f7358) 
thrown [src/hotspot/share/prims/jni.cpp, line 516]
Event: 93.775 Thread 0x00007f1da48c30d0 Exception <a 'sun/nio/fs/UnixException'{0x00000000ebafec60}> (0x00000000ebafec60) 
thrown [src/hotspot/share/prims/jni.cpp, line 516]
Event: 93.859 Thread 0x00007f1da48c30d0 Exception <a 'sun/nio/fs/UnixException'{0x00000000eb959038}> (0x00000000eb959038) 
thrown [src/hotspot/share/prims/jni.cpp, line 516]
Event: 93.931 Thread 0x00007f1da48c30d0 Exception <a 'sun/nio/fs/UnixException'{0x00000000eb2726b0}> (0x00000000eb2726b0) 
thrown [src/hotspot/share/prims/jni.cpp, line 516]
Event: 93.958 Thread 0x00007f1da48c30d0 Exception <a 'sun/nio/fs/UnixException'{0x00000000eb5f7258}> (0x00000000eb5f7258) 
thrown [src/hotspot/share/prims/jni.cpp, line 516]
Event: 94.000 Thread 0x00007f1da48c30d0 Exception <a 'sun/nio/fs/UnixException'{0x00000000ebeb6f88}> (0x00000000ebeb6f88) 
thrown [src/hotspot/share/prims/jni.cpp, line 516]
Event: 94.067 Thread 0x00007f1da48c30d0 Exception <a 'sun/nio/fs/UnixException'{0x00000000eba67f18}> (0x00000000eba67f18) 
thrown [src/hotspot/share/prims/jni.cpp, line 516]
Event: 94.111 Thread 0x00007f1da48c30d0 Exception <a 'sun/nio/fs/UnixException'{0x00000000eb04a300}> (0x00000000eb04a300) 
thrown [src/hotspot/share/prims/jni.cpp, line 516]
Event: 94.139 Thread 0x00007f1da48c30d0 Exception <a 'sun/nio/fs/UnixException'{0x00000000eb14efb0}> (0x00000000eb14efb0) 
thrown [src/hotspot/share/prims/jni.cpp, line 516]
Event: 94.218 Thread 0x00007f1da48c30d0 Exception <a 'sun/nio/fs/UnixException'{0x00000000eb030408}> (0x00000000eb030408) 
thrown [src/hotspot/share/prims/jni.cpp, line 516]
Event: 94.272 Thread 0x00007f1da48c30d0 Exception <a 'sun/nio/fs/UnixException'{0x00000000ebc25da8}> (0x00000000ebc25da8) 
thrown [src/hotspot/share/prims/jni.cpp, line 516]
Event: 94.322 Thread 0x00007f1da48c30d0 Exception <a 'sun/nio/fs/UnixException'{0x00000000ebdd16f8}> (0x00000000ebdd16f8) 
thrown [src/hotspot/share/prims/jni.cpp, line 516]

VM Operations (20 events):
Event: 95.887 Executing VM operation: ParallelGCFailedAllocation
Event: 95.891 Executing VM operation: ParallelGCFailedAllocation done
Event: 95.927 Executing VM operation: ParallelGCFailedAllocation
Event: 95.932 Executing VM operation: ParallelGCFailedAllocation done
Event: 95.968 Executing VM operation: ParallelGCFailedAllocation
Event: 95.972 Executing VM operation: ParallelGCFailedAllocation done
Event: 96.011 Executing VM operation: ParallelGCFailedAllocation
Event: 96.015 Executing VM operation: ParallelGCFailedAllocation done
Event: 96.058 Executing VM operation: ParallelGCFailedAllocation
Event: 96.063 Executing VM operation: ParallelGCFailedAllocation done
Event: 96.149 Executing VM operation: ParallelGCFailedAllocation
Event: 96.155 Executing VM operation: ParallelGCFailedAllocation done
Event: 96.198 Executing VM operation: ParallelGCFailedAllocation
Event: 96.202 Executing VM operation: ParallelGCFailedAllocation done
Event: 96.252 Executing VM operation: ParallelGCFailedAllocation
Event: 96.256 Executing VM operation: ParallelGCFailedAllocation done
Event: 96.297 Executing VM operation: ParallelGCFailedAllocation
Event: 96.303 Executing VM operation: ParallelGCFailedAllocation done
Event: 96.353 Executing VM operation: ParallelGCFailedAllocation
Event: 96.358 Executing VM operation: ParallelGCFailedAllocation done

Events (20 events):
Event: 88.736 loading class sun/util/logging/resources/logging done
Event: 88.736 loading class sun/util/logging/resources/logging_en
Event: 88.736 loading class sun/util/logging/resources/logging_en done
Event: 88.736 loading class sun/util/logging/resources/logging_en
Event: 88.736 loading class sun/util/logging/resources/logging_en done
Event: 88.736 loading class sun/util/logging/resources/logging_en_US
Event: 88.736 loading class sun/util/logging/resources/logging_en_US done
Event: 88.736 loading class sun/util/logging/resources/logging_en_US
Event: 88.736 loading class sun/util/logging/resources/logging_en_US done
Event: 88.737 loading class java/util/Formatter$DateTime
Event: 88.737 loading class java/util/Formatter$DateTime done
Event: 88.737 loading class java/time/ZonedDateTime$1
Event: 88.737 loading class java/time/ZonedDateTime$1 done
Event: 88.737 loading class java/time/LocalDate$1
Event: 88.737 loading class java/time/LocalDate$1 done
Event: 88.738 loading class java/time/LocalTime$1
Event: 88.738 loading class java/time/LocalTime$1 done
Event: 88.744 Thread 0x00007f1de0ad3ad0 Thread added: 0x00007f1de0ad3ad0
Event: 88.746 Protecting memory [0x00007f1dd2300000,0x00007f1dd2304000] with protection modes 0
Event: 90.587 Thread 0x00007f1de0ad3ad0 Thread exited: 0x00007f1de0ad3ad0


Dynamic libraries:
c0000000-d0e00000 rw-p 00000000 00:00 0 
d0e00000-eab00000 ---p 00000000 00:00 0 
eab00000-ec200000 rw-p 00000000 00:00 0 
ec200000-100000000 ---p 00000000 00:00 0 
100000000-100010000 rw-p 00000000 00:00 0 
100010000-100030000 rw-p 00000000 00:00 0 
100030000-1000b0000 rw-p 00000000 00:00 0 
1000b0000-1000d0000 rw-p 00000000 00:00 0 
1000d0000-100130000 rw-p 00000000 00:00 0 
100130000-1001b0000 rw-p 00000000 00:00 0 
1001b0000-1001f0000 rw-p 00000000 00:00 0 
1001f0000-100330000 rw-p 00000000 00:00 0 
100330000-100370000 rw-p 00000000 00:00 0 
100370000-100530000 rw-p 00000000 00:00 0 
100530000-100570000 rw-p 00000000 00:00 0 
100570000-1008b0000 rw-p 00000000 00:00 0 
1008b0000-140000000 ---p 00000000 00:00 0 
5561c3192000-5561c3193000 r--p 00000000 08:02 59384447                   /home/nasim/.vscode/extensions/redhat.java-1.20.0-linux-x64/jre/17.0.7-linux-x86_64/bin/java
5561c3193000-5561c3194000 r-xp 00001000 08:02 59384447                   /home/nasim/.vscode/extensions/redhat.java-1.20.0-linux-x64/jre/17.0.7-linux-x86_64/bin/java
5561c3194000-5561c3195000 r--p 00002000 08:02 59384447                   /home/nasim/.vscode/extensions/redhat.java-1.20.0-linux-x64/jre/17.0.7-linux-x86_64/bin/java
5561c3195000-5561c3196000 r--p 00002000 08:02 59384447                   /home/nasim/.vscode/extensions/redhat.java-1.20.0-linux-x64/jre/17.0.7-linux-x86_64/bin/java
5561c3196000-5561c3197000 rw-p 00003000 08:02 59384447                   /home/nasim/.vscode/extensions/redhat.java-1.20.0-linux-x64/jre/17.0.7-linux-x86_64/bin/java
5561c4cff000-5561c4d47000 rw-p 00000000 00:00 0                          [heap]
7f1d7b600000-7f1d83e0b000 r--s 00000000 08:02 44309011                   /usr/lib/jvm/java-11-openjdk-amd64/lib/modules
7f1d84000000-7f1d84116000 rw-p 00000000 00:00 0 
7f1d84116000-7f1d88000000 ---p 00000000 00:00 0 
7f1d88000000-7f1d88292000 rw-p 00000000 00:00 0 
7f1d88292000-7f1d8c000000 ---p 00000000 00:00 0 
7f1d8c000000-7f1d8c113000 rw-p 00000000 00:00 0 
7f1d8c113000-7f1d90000000 ---p 00000000 00:00 0 
7f1d90000000-7f1d90e55000 rw-p 00000000 00:00 0 
7f1d90e55000-7f1d94000000 ---p 00000000 00:00 0 
7f1d94000000-7f1d940a0000 rw-p 00000000 00:00 0 
7f1d940a0000-7f1d98000000 ---p 00000000 00:00 0 
7f1d98000000-7f1d984f2000 rw-p 00000000 00:00 0 
7f1d984f2000-7f1d9c000000 ---p 00000000 00:00 0 
7f1d9c000000-7f1d9c021000 rw-p 00000000 00:00 0 
7f1d9c021000-7f1da0000000 ---p 00000000 00:00 0 
7f1da0000000-7f1da1262000 rw-p 00000000 00:00 0 
7f1da1262000-7f1da4000000 ---p 00000000 00:00 0 
7f1da4000000-7f1da54c0000 rw-p 00000000 00:00 0 
7f1da54c0000-7f1da8000000 ---p 00000000 00:00 0 
7f1da8000000-7f1da92cf000 rw-p 00000000 00:00 0 
7f1da92cf000-7f1dac000000 ---p 00000000 00:00 0 
7f1dac000000-7f1dac021000 rw-p 00000000 00:00 0 
7f1dac021000-7f1db0000000 ---p 00000000 00:00 0 
7f1db0000000-7f1db002e000 rw-p 00000000 00:00 0 
7f1db002e000-7f1db4000000 ---p 00000000 00:00 0 
7f1db4000000-7f1db58c0000 rw-p 00000000 00:00 0 
7f1db58c0000-7f1db8000000 ---p 00000000 00:00 0 
7f1db8000000-7f1db802e000 rw-p 00000000 00:00 0 
7f1db802e000-7f1dbc000000 ---p 00000000 00:00 0 
7f1dbc000000-7f1dbcab2000 rw-p 00000000 00:00 0 
7f1dbcab2000-7f1dc0000000 ---p 00000000 00:00 0 
7f1dc0000000-7f1dc091c000 rw-p 00000000 00:00 0 
7f1dc091c000-7f1dc4000000 ---p 00000000 00:00 0 
7f1dc4000000-7f1dc4021000 rw-p 00000000 00:00 0 
7f1dc4021000-7f1dc8000000 ---p 00000000 00:00 0 
7f1dc8000000-7f1dc87ac000 rw-p 00000000 00:00 0 
7f1dc87ac000-7f1dcc000000 ---p 00000000 00:00 0 
7f1dcc000000-7f1dcc021000 rw-p 00000000 00:00 0 
7f1dcc021000-7f1dd0000000 ---p 00000000 00:00 0 
7f1dd1600000-7f1dd1604000 ---p 00000000 00:00 0 
7f1dd1604000-7f1dd1700000 rw-p 00000000 00:00 0 
7f1dd1700000-7f1dd1704000 ---p 00000000 00:00 0 
7f1dd1704000-7f1dd1800000 rw-p 00000000 00:00 0 
7f1dd1800000-7f1dd1804000 ---p 00000000 00:00 0 
7f1dd1804000-7f1dd1900000 rw-p 00000000 00:00 0 
7f1dd1900000-7f1dd1904000 ---p 00000000 00:00 0 
7f1dd1904000-7f1dd1a00000 rw-p 00000000 00:00 0 
7f1dd1a00000-7f1dd1a04000 ---p 00000000 00:00 0 
7f1dd1a04000-7f1dd1b00000 rw-p 00000000 00:00 0 
7f1dd1b00000-7f1dd1b04000 ---p 00000000 00:00 0 
7f1dd1b04000-7f1dd1c00000 rw-p 00000000 00:00 0 
7f1dd1c00000-7f1dd1c04000 ---p 00000000 00:00 0 
7f1dd1c04000-7f1dd1d00000 rw-p 00000000 00:00 0 
7f1dd1d00000-7f1dd1d04000 ---p 00000000 00:00 0 
7f1dd1d04000-7f1dd1e00000 rw-p 00000000 00:00 0 
7f1dd1e00000-7f1dd1e04000 ---p 00000000 00:00 0 
7f1dd1e04000-7f1dd1f00000 rw-p 00000000 00:00 0 
7f1dd1f00000-7f1dd1f04000 ---p 00000000 00:00 0 
7f1dd1f04000-7f1dd2000000 rw-p 00000000 00:00 0 
7f1dd2000000-7f1dd2004000 ---p 00000000 00:00 0 
7f1dd2004000-7f1dd2100000 rw-p 00000000 00:00 0 
7f1dd2100000-7f1dd2104000 ---p 00000000 00:00 0 
7f1dd2104000-7f1dd2200000 rw-p 00000000 00:00 0 
7f1dd2200000-7f1dd2204000 ---p 00000000 00:00 0 
7f1dd2204000-7f1dd2300000 rw-p 00000000 00:00 0 
7f1dd2300000-7f1dd2304000 ---p 00000000 00:00 0 
7f1dd2304000-7f1dd2400000 rw-p 00000000 00:00 0 
7f1dd2400000-7f1dd2405000 r-xp 00000000 08:02 59784098                   /home/nasim/.gradle/native/68d5fa5c4cc2d200863cafc0d521ce42e7d3e7ee720ec0a83991735586a16f82/linux-amd64/libnative-platform.so
7f1dd2405000-7f1dd2605000 ---p 00005000 08:02 59784098                   /home/nasim/.gradle/native/68d5fa5c4cc2d200863cafc0d521ce42e7d3e7ee720ec0a83991735586a16f82/linux-amd64/libnative-platform.so
7f1dd2605000-7f1dd2606000 r--p 00005000 08:02 59784098                   /home/nasim/.gradle/native/68d5fa5c4cc2d200863cafc0d521ce42e7d3e7ee720ec0a83991735586a16f82/linux-amd64/libnative-platform.so
7f1dd2606000-7f1dd2607000 rw-p 00006000 08:02 59784098                   /home/nasim/.gradle/native/68d5fa5c4cc2d200863cafc0d521ce42e7d3e7ee720ec0a83991735586a16f82/linux-amd64/libnative-platform.so
7f1dd2700000-7f1dd2704000 ---p 00000000 00:00 0 
7f1dd2704000-7f1dd2800000 rw-p 00000000 00:00 0 
7f1dd2800000-7f1dd2804000 ---p 00000000 00:00 0 
7f1dd2804000-7f1dd2900000 rw-p 00000000 00:00 0 
7f1dd2900000-7f1dd2904000 ---p 00000000 00:00 0 
7f1dd2904000-7f1dd2a00000 rw-p 00000000 00:00 0 
7f1dd2a00000-7f1dd2a04000 ---p 00000000 00:00 0 
7f1dd2a04000-7f1dd2b00000 rw-p 00000000 00:00 0 
7f1dd2b00000-7f1dd2b04000 ---p 00000000 00:00 0 
7f1dd2b04000-7f1dd2c00000 rw-p 00000000 00:00 0 
7f1dd2c00000-7f1dd2c04000 ---p 00000000 00:00 0 
7f1dd2c04000-7f1dd2d00000 rw-p 00000000 00:00 0 
7f1dd2d00000-7f1dd2d04000 ---p 00000000 00:00 0 
7f1dd2d04000-7f1dd2e00000 rw-p 00000000 00:00 0 
7f1dd2e00000-7f1dd2e04000 ---p 00000000 00:00 0 
7f1dd2e04000-7f1dd2f00000 rw-p 00000000 00:00 0 
7f1dd2f00000-7f1dd2f04000 ---p 00000000 00:00 0 
7f1dd2f04000-7f1dd3000000 rw-p 00000000 00:00 0 
7f1dd3000000-7f1dd3004000 ---p 00000000 00:00 0 
7f1dd3004000-7f1dd3100000 rw-p 00000000 00:00 0 
7f1dd3100000-7f1dd3104000 ---p 00000000 00:00 0 
7f1dd3104000-7f1dd3200000 rw-p 00000000 00:00 0 
7f1dd3200000-7f1dd3204000 ---p 00000000 00:00 0 
7f1dd3204000-7f1dd3300000 rw-p 00000000 00:00 0 
7f1dd3300000-7f1dd3304000 ---p 00000000 00:00 0 
7f1dd3304000-7f1dd3400000 rw-p 00000000 00:00 0 
7f1dd3400000-7f1dd3410000 r-xp 00000000 08:02 60054948                   /home/nasim/.config/Code/User/globalStorage/redhat.java/1.20.0/config_linux/org.eclipse.equinox.launcher/org.eclipse.equinox.launcher.gtk.linux.x86_64_1.2.700.v20221108-1024/eclipse_11801.so
7f1dd3410000-7f1dd360f000 ---p 00010000 08:02 60054948                   /home/nasim/.config/Code/User/globalStorage/redhat.java/1.20.0/config_linux/org.eclipse.equinox.launcher/org.eclipse.equinox.launcher.gtk.linux.x86_64_1.2.700.v20221108-1024/eclipse_11801.so
7f1dd360f000-7f1dd3610000 r--p 0000f000 08:02 60054948                   /home/nasim/.config/Code/User/globalStorage/redhat.java/1.20.0/config_linux/org.eclipse.equinox.launcher/org.eclipse.equinox.launcher.gtk.linux.x86_64_1.2.700.v20221108-1024/eclipse_11801.so
7f1dd3610000-7f1dd3611000 rw-p 00010000 08:02 60054948                   /home/nasim/.config/Code/User/globalStorage/redhat.java/1.20.0/config_linux/org.eclipse.equinox.launcher/org.eclipse.equinox.launcher.gtk.linux.x86_64_1.2.700.v20221108-1024/eclipse_11801.so
7f1dd3611000-7f1dd3612000 rw-p 00000000 00:00 0 
7f1dd36f8000-7f1dd36fc000 ---p 00000000 00:00 0 
7f1dd36fc000-7f1dd37f8000 rw-p 00000000 00:00 0 
7f1dd37f8000-7f1dd37fc000 ---p 00000000 00:00 0 
7f1dd37fc000-7f1dd38f8000 rw-p 00000000 00:00 0 
7f1dd38f8000-7f1dd38fc000 ---p 00000000 00:00 0 
7f1dd38fc000-7f1dd39f8000 rw-p 00000000 00:00 0 
7f1dd39f8000-7f1dd39f9000 ---p 00000000 00:00 0 
7f1dd39f9000-7f1dd3afa000 rw-p 00000000 00:00 0 
7f1dd3afa000-7f1dd3afb000 ---p 00000000 00:00 0 
7f1dd3afb000-7f1dd3bfc000 rw-p 00000000 00:00 0 
7f1dd3bfc000-7f1dd3bfd000 ---p 00000000 00:00 0 
7f1dd3bfd000-7f1dd3cfe000 rw-p 00000000 00:00 0 
7f1dd3cfe000-7f1dd3d02000 ---p 00000000 00:00 0 
7f1dd3d02000-7f1dd3dfe000 rw-p 00000000 00:00 0 
7f1dd3dfe000-7f1dd3dff000 ---p 00000000 00:00 0 
7f1dd3dff000-7f1dd3f00000 rw-p 00000000 00:00 0 
7f1dd3f00000-7f1dd3f04000 ---p 00000000 00:00 0 
7f1dd3f04000-7f1dd4021000 rw-p 00000000 00:00 0 
7f1dd4021000-7f1dd8000000 ---p 00000000 00:00 0 
7f1dd8000000-7f1dd8021000 rw-p 00000000 00:00 0 
7f1dd8021000-7f1ddc000000 ---p 00000000 00:00 0 
7f1ddc000000-7f1dde77b000 rw-p 00000000 00:00 0 
7f1dde77b000-7f1de0000000 ---p 00000000 00:00 0 
7f1de0000000-7f1de0b9e000 rw-p 00000000 00:00 0 
7f1de0b9e000-7f1de4000000 ---p 00000000 00:00 0 
7f1de4000000-7f1de4021000 rw-p 00000000 00:00 0 
7f1de4021000-7f1de8000000 ---p 00000000 00:00 0 
7f1de8000000-7f1de8021000 rw-p 00000000 00:00 0 
7f1de8021000-7f1dec000000 ---p 00000000 00:00 0 
7f1dec000000-7f1dec021000 rw-p 00000000 00:00 0 
7f1dec021000-7f1df0000000 ---p 00000000 00:00 0 
7f1df0000000-7f1df0021000 rw-p 00000000 00:00 0 
7f1df0021000-7f1df4000000 ---p 00000000 00:00 0 
7f1df4000000-7f1df4021000 rw-p 00000000 00:00 0 
7f1df4021000-7f1df8000000 ---p 00000000 00:00 0 
7f1df8000000-7f1df8074000 rw-p 00000000 00:00 0 
7f1df8074000-7f1dfc000000 ---p 00000000 00:00 0 
7f1dfc000000-7f1dfc3f0000 rw-p 00000000 00:00 0 
7f1dfc3f0000-7f1dfc470000 rw-p 00000000 00:00 0 
7f1dfc470000-7f1dfc4f0000 rw-p 00000000 00:00 0 
7f1dfc4f0000-7f1dfc7f0000 rw-p 00000000 00:00 0 
7f1dfc7f0000-7f1dfc8b0000 rw-p 00000000 00:00 0 
7f1dfc8b0000-7f1dfc8f0000 rw-p 00000000 00:00 0 
7f1dfc8f0000-7f1dfcaf0000 rw-p 00000000 00:00 0 
7f1dfcaf0000-7f1dfcbf0000 rw-p 00000000 00:00 0 
7f1dfcbf0000-7f1dfcdf0000 rw-p 00000000 00:00 0 
7f1dfcdf0000-7f1dfcf70000 rw-p 00000000 00:00 0 
7f1dfcf70000-7f1dfcff0000 rw-p 00000000 00:00 0 
7f1dfcff0000-7f1dfd0f0000 rw-p 00000000 00:00 0 
7f1dfd0f0000-7f1dfd1f0000 rw-p 00000000 00:00 0 
7f1dfd1f0000-7f1dfd4f0000 rw-p 00000000 00:00 0 
7f1dfd4f0000-7f1dfdbb0000 rw-p 00000000 00:00 0 
7f1dfdbb0000-7f1dfdcf0000 rw-p 00000000 00:00 0 
7f1dfdcf0000-7f1dfe4f0000 rw-p 00000000 00:00 0 
7f1dfe4f0000-7f1dfe5f0000 rw-p 00000000 00:00 0 
7f1dfe5f0000-7f1dff1b0000 rw-p 00000000 00:00 0 
7f1dff1b0000-7f1dff1f0000 rw-p 00000000 00:00 0 
7f1dff1f0000-7f1dff570000 rw-p 00000000 00:00 0 
7f1dff570000-7f1dff6e0000 rw-p 00000000 00:00 0 
7f1dff6e0000-7f1dff700000 ---p 00000000 00:00 0 
7f1dff700000-7f1dffcb0000 rw-p 00000000 00:00 0 
7f1dffcb0000-7f1e00000000 ---p 00000000 00:00 0 
7f1e00000000-7f1e0006f000 rw-p 00000000 00:00 0 
7f1e0006f000-7f1e04000000 ---p 00000000 00:00 0 
7f1e04000000-7f1e04004000 ---p 00000000 00:00 0 
7f1e04004000-7f1e04100000 rw-p 00000000 00:00 0 
7f1e04100000-7f1e04104000 ---p 00000000 00:00 0 
7f1e04104000-7f1e04200000 rw-p 00000000 00:00 0 
7f1e04200000-7f1e04204000 ---p 00000000 00:00 0 
7f1e04204000-7f1e04300000 rw-p 00000000 00:00 0 
7f1e04300000-7f1e04304000 ---p 00000000 00:00 0 
7f1e04304000-7f1e04400000 rw-p 00000000 00:00 0 
7f1e04400000-7f1e04404000 ---p 00000000 00:00 0 
7f1e04404000-7f1e04500000 rw-p 00000000 00:00 0 
7f1e04500000-7f1e04504000 ---p 00000000 00:00 0 
7f1e04504000-7f1e04600000 rw-p 00000000 00:00 0 
7f1e04600000-7f1e053ea000 r--p 00000000 08:02 44312642                   /usr/lib/locale/locale-archive
7f1e053f4000-7f1e053f8000 ---p 00000000 00:00 0 
7f1e053f8000-7f1e054f4000 rw-p 00000000 00:00 0 
7f1e054f4000-7f1e054f8000 ---p 00000000 00:00 0 
7f1e054f8000-7f1e055f4000 rw-p 00000000 00:00 0 
7f1e055f4000-7f1e055f8000 ---p 00000000 00:00 0 
7f1e055f8000-7f1e056f4000 rw-p 00000000 00:00 0 
7f1e056f4000-7f1e056f5000 ---p 00000000 00:00 0 
7f1e056f5000-7f1e06200000 rw-p 00000000 00:00 0 
7f1e06200000-7f1e06f80000 rwxp 00000000 00:00 0 
7f1e06f80000-7f1e0d737000 ---p 00000000 00:00 0 
7f1e0d737000-7f1e0d9a7000 rwxp 00000000 00:00 0 
7f1e0d9a7000-7f1e0dcc8000 ---p 00000000 00:00 0 
7f1e0dcc8000-7f1e0e2e8000 rwxp 00000000 00:00 0 
7f1e0e2e8000-7f1e15200000 ---p 00000000 00:00 0 
7f1e15200000-7f1e17e16000 r--s 00000000 08:02 59384853                   /home/nasim/.vscode/extensions/redhat.java-1.20.0-linux-x64/jre/17.0.7-linux-x86_64/lib/modules
7f1e17eff000-7f1e1a178000 rw-p 00000000 00:00 0 
7f1e1a178000-7f1e1c000000 ---p 00000000 00:00 0 
7f1e1c01a000-7f1e1c021000 r--s 00000000 08:02 44436406                   /usr/lib/x86_64-linux-gnu/gconv/gconv-modules.cache
7f1e1c021000-7f1e1c023000 r--p 00000000 08:02 59384841                   /home/nasim/.vscode/extensions/redhat.java-1.20.0-linux-x64/jre/17.0.7-linux-x86_64/lib/libmanagement_ext.so
7f1e1c023000-7f1e1c026000 r-xp 00002000 08:02 59384841                   /home/nasim/.vscode/extensions/redhat.java-1.20.0-linux-x64/jre/17.0.7-linux-x86_64/lib/libmanagement_ext.so
7f1e1c026000-7f1e1c027000 r--p 00005000 08:02 59384841                   /home/nasim/.vscode/extensions/redhat.java-1.20.0-linux-x64/jre/17.0.7-linux-x86_64/lib/libmanagement_ext.so
7f1e1c027000-7f1e1c028000 ---p 00006000 08:02 59384841                   /home/nasim/.vscode/extensions/redhat.java-1.20.0-linux-x64/jre/17.0.7-linux-x86_64/lib/libmanagement_ext.so
7f1e1c028000-7f1e1c029000 r--p 00006000 08:02 59384841                   /home/nasim/.vscode/extensions/redhat.java-1.20.0-linux-x64/jre/17.0.7-linux-x86_64/lib/libmanagement_ext.so
7f1e1c029000-7f1e1c02a000 rw-p 00007000 08:02 59384841                   /home/nasim/.vscode/extensions/redhat.java-1.20.0-linux-x64/jre/17.0.7-linux-x86_64/lib/libmanagement_ext.so
7f1e1c02a000-7f1e1c02e000 ---p 00000000 00:00 0 
7f1e1c02e000-7f1e1e758000 rw-p 00000000 00:00 0 
7f1e1e758000-7f1e1e827000 ---p 00000000 00:00 0 
7f1e1e827000-7f1e1e828000 ---p 00000000 00:00 0 
7f1e1e828000-7f1e1e9b0000 rw-p 00000000 00:00 0 
7f1e1e9b0000-7f1e1ea7e000 ---p 00000000 00:00 0 
7f1e1ea7e000-7f1e1ea89000 rw-p 00000000 00:00 0 
7f1e1ea89000-7f1e1eb29000 ---p 00000000 00:00 0 
7f1e1eb29000-7f1e1eb37000 rw-p 00000000 00:00 0 
7f1e1eb37000-7f1e1ec15000 ---p 00000000 00:00 0 
7f1e1ec15000-7f1e1ec30000 rw-p 00000000 00:00 0 
7f1e1ec30000-7f1e1ed00000 ---p 00000000 00:00 0 
7f1e1ed00000-7f1e1ed04000 ---p 00000000 00:00 0 
7f1e1ed04000-7f1e1ee00000 rw-p 00000000 00:00 0 
7f1e1ee00000-7f1e1f052000 r--p 00000000 08:02 59384863                   /home/nasim/.vscode/extensions/redhat.java-1.20.0-linux-x64/jre/17.0.7-linux-x86_64/lib/server/libjvm.so
7f1e1f052000-7f1e1fd72000 r-xp 00252000 08:02 59384863                   /home/nasim/.vscode/extensions/redhat.java-1.20.0-linux-x64/jre/17.0.7-linux-x86_64/lib/server/libjvm.so
7f1e1fd72000-7f1e1fffe000 r--p 00f72000 08:02 59384863                   /home/nasim/.vscode/extensions/redhat.java-1.20.0-linux-x64/jre/17.0.7-linux-x86_64/lib/server/libjvm.so
7f1e1fffe000-7f1e1ffff000 ---p 011fe000 08:02 59384863                   /home/nasim/.vscode/extensions/redhat.java-1.20.0-linux-x64/jre/17.0.7-linux-x86_64/lib/server/libjvm.so
7f1e1ffff000-7f1e200b8000 r--p 011fe000 08:02 59384863                   /home/nasim/.vscode/extensions/redhat.java-1.20.0-linux-x64/jre/17.0.7-linux-x86_64/lib/server/libjvm.so
7f1e200b8000-7f1e200ed000 rw-p 012b7000 08:02 59384863                   /home/nasim/.vscode/extensions/redhat.java-1.20.0-linux-x64/jre/17.0.7-linux-x86_64/lib/server/libjvm.so
7f1e200ed000-7f1e20147000 rw-p 00000000 00:00 0 
7f1e2014d000-7f1e20150000 r--p 00000000 08:02 59384842                   /home/nasim/.vscode/extensions/redhat.java-1.20.0-linux-x64/jre/17.0.7-linux-x86_64/lib/libmanagement.so
7f1e20150000-7f1e20151000 r-xp 00003000 08:02 59384842                   /home/nasim/.vscode/extensions/redhat.java-1.20.0-linux-x64/jre/17.0.7-linux-x86_64/lib/libmanagement.so
7f1e20151000-7f1e20152000 r--p 00004000 08:02 59384842                   /home/nasim/.vscode/extensions/redhat.java-1.20.0-linux-x64/jre/17.0.7-linux-x86_64/lib/libmanagement.so
7f1e20152000-7f1e20153000 r--p 00004000 08:02 59384842                   /home/nasim/.vscode/extensions/redhat.java-1.20.0-linux-x64/jre/17.0.7-linux-x86_64/lib/libmanagement.so
7f1e20153000-7f1e20154000 rw-p 00005000 08:02 59384842                   /home/nasim/.vscode/extensions/redhat.java-1.20.0-linux-x64/jre/17.0.7-linux-x86_64/lib/libmanagement.so
7f1e20154000-7f1e20158000 r--p 00000000 08:02 59384851                   /home/nasim/.vscode/extensions/redhat.java-1.20.0-linux-x64/jre/17.0.7-linux-x86_64/lib/libverify.so
7f1e20158000-7f1e2015f000 r-xp 00004000 08:02 59384851                   /home/nasim/.vscode/extensions/redhat.java-1.20.0-linux-x64/jre/17.0.7-linux-x86_64/lib/libverify.so
7f1e2015f000-7f1e20161000 r--p 0000b000 08:02 59384851                   /home/nasim/.vscode/extensions/redhat.java-1.20.0-linux-x64/jre/17.0.7-linux-x86_64/lib/libverify.so
7f1e20161000-7f1e20163000 r--p 0000c000 08:02 59384851                   /home/nasim/.vscode/extensions/redhat.java-1.20.0-linux-x64/jre/17.0.7-linux-x86_64/lib/libverify.so
7f1e20163000-7f1e20164000 rw-p 0000e000 08:02 59384851                   /home/nasim/.vscode/extensions/redhat.java-1.20.0-linux-x64/jre/17.0.7-linux-x86_64/lib/libverify.so
7f1e20164000-7f1e20200000 rw-p 00000000 00:00 0 
7f1e20200000-7f1e20222000 r--p 00000000 08:02 44329122                   /usr/lib/x86_64-linux-gnu/libc.so.6
7f1e20222000-7f1e2039a000 r-xp 00022000 08:02 44329122                   /usr/lib/x86_64-linux-gnu/libc.so.6
7f1e2039a000-7f1e203f2000 r--p 0019a000 08:02 44329122                   /usr/lib/x86_64-linux-gnu/libc.so.6
7f1e203f2000-7f1e203f6000 r--p 001f1000 08:02 44329122                   /usr/lib/x86_64-linux-gnu/libc.so.6
7f1e203f6000-7f1e203f8000 rw-p 001f5000 08:02 44329122                   /usr/lib/x86_64-linux-gnu/libc.so.6
7f1e203f8000-7f1e20405000 rw-p 00000000 00:00 0 
7f1e20405000-7f1e20406000 r--p 00000000 08:02 59384824                   /home/nasim/.vscode/extensions/redhat.java-1.20.0-linux-x64/jre/17.0.7-linux-x86_64/lib/libextnet.so
7f1e20406000-7f1e20407000 r-xp 00001000 08:02 59384824                   /home/nasim/.vscode/extensions/redhat.java-1.20.0-linux-x64/jre/17.0.7-linux-x86_64/lib/libextnet.so
7f1e20407000-7f1e20408000 r--p 00002000 08:02 59384824                   /home/nasim/.vscode/extensions/redhat.java-1.20.0-linux-x64/jre/17.0.7-linux-x86_64/lib/libextnet.so
7f1e20408000-7f1e20409000 r--p 00002000 08:02 59384824                   /home/nasim/.vscode/extensions/redhat.java-1.20.0-linux-x64/jre/17.0.7-linux-x86_64/lib/libextnet.so
7f1e20409000-7f1e2040a000 rw-p 00003000 08:02 59384824                   /home/nasim/.vscode/extensions/redhat.java-1.20.0-linux-x64/jre/17.0.7-linux-x86_64/lib/libextnet.so
7f1e2040a000-7f1e2040e000 r--p 00000000 08:02 59384844                   /home/nasim/.vscode/extensions/redhat.java-1.20.0-linux-x64/jre/17.0.7-linux-x86_64/lib/libnet.so
7f1e2040e000-7f1e2041c000 r-xp 00004000 08:02 59384844                   /home/nasim/.vscode/extensions/redhat.java-1.20.0-linux-x64/jre/17.0.7-linux-x86_64/lib/libnet.so
7f1e2041c000-7f1e20420000 r--p 00012000 08:02 59384844                   /home/nasim/.vscode/extensions/redhat.java-1.20.0-linux-x64/jre/17.0.7-linux-x86_64/lib/libnet.so
7f1e20420000-7f1e20421000 r--p 00015000 08:02 59384844                   /home/nasim/.vscode/extensions/redhat.java-1.20.0-linux-x64/jre/17.0.7-linux-x86_64/lib/libnet.so
7f1e20421000-7f1e20422000 rw-p 00016000 08:02 59384844                   /home/nasim/.vscode/extensions/redhat.java-1.20.0-linux-x64/jre/17.0.7-linux-x86_64/lib/libnet.so
7f1e20422000-7f1e20429000 r--p 00000000 08:02 59384845                   /home/nasim/.vscode/extensions/redhat.java-1.20.0-linux-x64/jre/17.0.7-linux-x86_64/lib/libnio.so
7f1e20429000-7f1e20432000 r-xp 00007000 08:02 59384845                   /home/nasim/.vscode/extensions/redhat.java-1.20.0-linux-x64/jre/17.0.7-linux-x86_64/lib/libnio.so
7f1e20432000-7f1e20436000 r--p 00010000 08:02 59384845                   /home/nasim/.vscode/extensions/redhat.java-1.20.0-linux-x64/jre/17.0.7-linux-x86_64/lib/libnio.so
7f1e20436000-7f1e20437000 ---p 00014000 08:02 59384845                   /home/nasim/.vscode/extensions/redhat.java-1.20.0-linux-x64/jre/17.0.7-linux-x86_64/lib/libnio.so
7f1e20437000-7f1e20438000 r--p 00014000 08:02 59384845                   /home/nasim/.vscode/extensions/redhat.java-1.20.0-linux-x64/jre/17.0.7-linux-x86_64/lib/libnio.so
7f1e20438000-7f1e20439000 rw-p 00015000 08:02 59384845                   /home/nasim/.vscode/extensions/redhat.java-1.20.0-linux-x64/jre/17.0.7-linux-x86_64/lib/libnio.so
7f1e20439000-7f1e2043b000 r--p 00000000 08:02 59384852                   /home/nasim/.vscode/extensions/redhat.java-1.20.0-linux-x64/jre/17.0.7-linux-x86_64/lib/libzip.so
7f1e2043b000-7f1e2043f000 r-xp 00002000 08:02 59384852                   /home/nasim/.vscode/extensions/redhat.java-1.20.0-linux-x64/jre/17.0.7-linux-x86_64/lib/libzip.so
7f1e2043f000-7f1e20441000 r--p 00006000 08:02 59384852                   /home/nasim/.vscode/extensions/redhat.java-1.20.0-linux-x64/jre/17.0.7-linux-x86_64/lib/libzip.so
7f1e20441000-7f1e20442000 r--p 00007000 08:02 59384852                   /home/nasim/.vscode/extensions/redhat.java-1.20.0-linux-x64/jre/17.0.7-linux-x86_64/lib/libzip.so
7f1e20442000-7f1e20443000 rw-p 00008000 08:02 59384852                   /home/nasim/.vscode/extensions/redhat.java-1.20.0-linux-x64/jre/17.0.7-linux-x86_64/lib/libzip.so
7f1e20443000-7f1e2045c000 rw-p 00000000 00:00 0 
7f1e2045c000-7f1e20463000 ---p 00000000 00:00 0 
7f1e20463000-7f1e2046b000 rw-s 00000000 08:02 42336443                   /tmp/hsperfdata_nasim/12334
7f1e2046b000-7f1e20478000 r--p 00000000 08:02 59384831                   /home/nasim/.vscode/extensions/redhat.java-1.20.0-linux-x64/jre/17.0.7-linux-x86_64/lib/libjava.so
7f1e20478000-7f1e2048a000 r-xp 0000d000 08:02 59384831                   /home/nasim/.vscode/extensions/redhat.java-1.20.0-linux-x64/jre/17.0.7-linux-x86_64/lib/libjava.so
7f1e2048a000-7f1e20490000 r--p 0001f000 08:02 59384831                   /home/nasim/.vscode/extensions/redhat.java-1.20.0-linux-x64/jre/17.0.7-linux-x86_64/lib/libjava.so
7f1e20490000-7f1e20491000 ---p 00025000 08:02 59384831                   /home/nasim/.vscode/extensions/redhat.java-1.20.0-linux-x64/jre/17.0.7-linux-x86_64/lib/libjava.so
7f1e20491000-7f1e20492000 r--p 00025000 08:02 59384831                   /home/nasim/.vscode/extensions/redhat.java-1.20.0-linux-x64/jre/17.0.7-linux-x86_64/lib/libjava.so
7f1e20492000-7f1e20493000 rw-p 00026000 08:02 59384831                   /home/nasim/.vscode/extensions/redhat.java-1.20.0-linux-x64/jre/17.0.7-linux-x86_64/lib/libjava.so
7f1e20493000-7f1e20494000 rw-p 00000000 00:00 0 
7f1e20494000-7f1e20498000 r--p 00000000 08:02 59384835                   /home/nasim/.vscode/extensions/redhat.java-1.20.0-linux-x64/jre/17.0.7-linux-x86_64/lib/libjimage.so
7f1e20498000-7f1e204ab000 r-xp 00004000 08:02 59384835                   /home/nasim/.vscode/extensions/redhat.java-1.20.0-linux-x64/jre/17.0.7-linux-x86_64/lib/libjimage.so
7f1e204ab000-7f1e204b1000 r--p 00017000 08:02 59384835                   /home/nasim/.vscode/extensions/redhat.java-1.20.0-linux-x64/jre/17.0.7-linux-x86_64/lib/libjimage.so
7f1e204b1000-7f1e204b3000 r--p 0001c000 08:02 59384835                   /home/nasim/.vscode/extensions/redhat.java-1.20.0-linux-x64/jre/17.0.7-linux-x86_64/lib/libjimage.so
7f1e204b3000-7f1e204b4000 rw-p 0001e000 08:02 59384835                   /home/nasim/.vscode/extensions/redhat.java-1.20.0-linux-x64/jre/17.0.7-linux-x86_64/lib/libjimage.so
7f1e204b4000-7f1e204c2000 r--p 00000000 08:02 44329462                   /usr/lib/x86_64-linux-gnu/libm.so.6
7f1e204c2000-7f1e20540000 r-xp 0000e000 08:02 44329462                   /usr/lib/x86_64-linux-gnu/libm.so.6
7f1e20540000-7f1e2059b000 r--p 0008c000 08:02 44329462                   /usr/lib/x86_64-linux-gnu/libm.so.6
7f1e2059b000-7f1e2059c000 r--p 000e6000 08:02 44329462                   /usr/lib/x86_64-linux-gnu/libm.so.6
7f1e2059c000-7f1e2059d000 rw-p 000e7000 08:02 44329462                   /usr/lib/x86_64-linux-gnu/libm.so.6
7f1e2059d000-7f1e2059e000 r--p 00000000 08:02 44329649                   /usr/lib/x86_64-linux-gnu/librt.so.1
7f1e2059e000-7f1e2059f000 r-xp 00001000 08:02 44329649                   /usr/lib/x86_64-linux-gnu/librt.so.1
7f1e2059f000-7f1e205a0000 r--p 00002000 08:02 44329649                   /usr/lib/x86_64-linux-gnu/librt.so.1
7f1e205a0000-7f1e205a1000 r--p 00002000 08:02 44329649                   /usr/lib/x86_64-linux-gnu/librt.so.1
7f1e205a1000-7f1e205a2000 rw-p 00003000 08:02 44329649                   /usr/lib/x86_64-linux-gnu/librt.so.1
7f1e205a2000-7f1e205a6000 rw-p 00000000 00:00 0 
7f1e205a6000-7f1e205a7000 r--p 00000000 08:02 44329192                   /usr/lib/x86_64-linux-gnu/libdl.so.2
7f1e205a7000-7f1e205a8000 r-xp 00001000 08:02 44329192                   /usr/lib/x86_64-linux-gnu/libdl.so.2
7f1e205a8000-7f1e205a9000 r--p 00002000 08:02 44329192                   /usr/lib/x86_64-linux-gnu/libdl.so.2
7f1e205a9000-7f1e205aa000 r--p 00002000 08:02 44329192                   /usr/lib/x86_64-linux-gnu/libdl.so.2
7f1e205aa000-7f1e205ab000 rw-p 00003000 08:02 44329192                   /usr/lib/x86_64-linux-gnu/libdl.so.2
7f1e205ab000-7f1e205ac000 r--p 00000000 08:02 44329622                   /usr/lib/x86_64-linux-gnu/libpthread.so.0
7f1e205ac000-7f1e205ad000 r-xp 00001000 08:02 44329622                   /usr/lib/x86_64-linux-gnu/libpthread.so.0
7f1e205ad000-7f1e205ae000 r--p 00002000 08:02 44329622                   /usr/lib/x86_64-linux-gnu/libpthread.so.0
7f1e205ae000-7f1e205af000 r--p 00002000 08:02 44329622                   /usr/lib/x86_64-linux-gnu/libpthread.so.0
7f1e205af000-7f1e205b0000 rw-p 00003000 08:02 44329622                   /usr/lib/x86_64-linux-gnu/libpthread.so.0
7f1e205b0000-7f1e205b3000 r--p 00000000 08:02 59384836                   /home/nasim/.vscode/extensions/redhat.java-1.20.0-linux-x64/jre/17.0.7-linux-x86_64/lib/libjli.so
7f1e205b3000-7f1e205bd000 r-xp 00003000 08:02 59384836                   /home/nasim/.vscode/extensions/redhat.java-1.20.0-linux-x64/jre/17.0.7-linux-x86_64/lib/libjli.so
7f1e205bd000-7f1e205c0000 r--p 0000d000 08:02 59384836                   /home/nasim/.vscode/extensions/redhat.java-1.20.0-linux-x64/jre/17.0.7-linux-x86_64/lib/libjli.so
7f1e205c0000-7f1e205c1000 ---p 00010000 08:02 59384836                   /home/nasim/.vscode/extensions/redhat.java-1.20.0-linux-x64/jre/17.0.7-linux-x86_64/lib/libjli.so
7f1e205c1000-7f1e205c2000 r--p 00010000 08:02 59384836                   /home/nasim/.vscode/extensions/redhat.java-1.20.0-linux-x64/jre/17.0.7-linux-x86_64/lib/libjli.so
7f1e205c2000-7f1e205c3000 rw-p 00011000 08:02 59384836                   /home/nasim/.vscode/extensions/redhat.java-1.20.0-linux-x64/jre/17.0.7-linux-x86_64/lib/libjli.so
7f1e205c3000-7f1e205c6000 r--p 00000000 08:02 44329844                   /usr/lib/x86_64-linux-gnu/libz.so.1.2.13
7f1e205c6000-7f1e205d8000 r-xp 00003000 08:02 44329844                   /usr/lib/x86_64-linux-gnu/libz.so.1.2.13
7f1e205d8000-7f1e205df000 r--p 00015000 08:02 44329844                   /usr/lib/x86_64-linux-gnu/libz.so.1.2.13
7f1e205df000-7f1e205e0000 r--p 0001b000 08:02 44329844                   /usr/lib/x86_64-linux-gnu/libz.so.1.2.13
7f1e205e0000-7f1e205e1000 rw-p 0001c000 08:02 44329844                   /usr/lib/x86_64-linux-gnu/libz.so.1.2.13
7f1e205e1000-7f1e205e3000 r--p 00000000 08:02 59384826                   /home/nasim/.vscode/extensions/redhat.java-1.20.0-linux-x64/jre/17.0.7-linux-x86_64/lib/libinstrument.so
7f1e205e3000-7f1e205e9000 r-xp 00002000 08:02 59384826                   /home/nasim/.vscode/extensions/redhat.java-1.20.0-linux-x64/jre/17.0.7-linux-x86_64/lib/libinstrument.so
7f1e205e9000-7f1e205ec000 r--p 00008000 08:02 59384826                   /home/nasim/.vscode/extensions/redhat.java-1.20.0-linux-x64/jre/17.0.7-linux-x86_64/lib/libinstrument.so
7f1e205ec000-7f1e205ed000 r--p 0000a000 08:02 59384826                   /home/nasim/.vscode/extensions/redhat.java-1.20.0-linux-x64/jre/17.0.7-linux-x86_64/lib/libinstrument.so
7f1e205ed000-7f1e205ee000 rw-p 0000b000 08:02 59384826                   /home/nasim/.vscode/extensions/redhat.java-1.20.0-linux-x64/jre/17.0.7-linux-x86_64/lib/libinstrument.so
7f1e205ee000-7f1e205ef000 ---p 00000000 00:00 0 
7f1e205ef000-7f1e205f0000 r--p 00000000 00:00 0 
7f1e205f0000-7f1e205f1000 ---p 00000000 00:00 0 
7f1e205f1000-7f1e205f3000 rw-p 00000000 00:00 0 
7f1e205f3000-7f1e205f4000 r--p 00000000 08:02 44328941                   /usr/lib/x86_64-linux-gnu/ld-linux-x86-64.so.2
7f1e205f4000-7f1e2061c000 r-xp 00001000 08:02 44328941                   /usr/lib/x86_64-linux-gnu/ld-linux-x86-64.so.2
7f1e2061c000-7f1e20626000 r--p 00029000 08:02 44328941                   /usr/lib/x86_64-linux-gnu/ld-linux-x86-64.so.2
7f1e20626000-7f1e20628000 r--p 00033000 08:02 44328941                   /usr/lib/x86_64-linux-gnu/ld-linux-x86-64.so.2
7f1e20628000-7f1e2062a000 rw-p 00035000 08:02 44328941                   /usr/lib/x86_64-linux-gnu/ld-linux-x86-64.so.2
7ffe64507000-7ffe64528000 rw-p 00000000 00:00 0                          [stack]
7ffe645f6000-7ffe645fa000 r--p 00000000 00:00 0                          [vvar]
7ffe645fa000-7ffe645fc000 r-xp 00000000 00:00 0                          [vdso]
ffffffffff600000-ffffffffff601000 --xp 00000000 00:00 0                  [vsyscall]


VM Arguments:
jvm_args: --add-modules=ALL-SYSTEM --add-opens=java.base/java.util=ALL-UNNAMED --add-opens=java.base/java.lang=ALL-UNNAMED --add-opens=java.base/sun.nio.fs=ALL-UNNAMED -Declipse.application=org.eclipse.jdt.ls.core.id1 -Dosgi.bundles.defaultStartLevel=4 -Declipse.product=org.eclipse.jdt.ls.core.product -Djava.import.generatesMetadataFilesAtProjectRoot=false -Dfile.encoding=utf8 -XX:+UseParallelGC -XX:GCTimeRatio=4 -XX:AdaptiveSizePolicyWeight=90 -Dsun.zip.disableMemoryMapping=true -Xmx1G -Xms100m -Xlog:disable -javaagent:/home/nasim/.vscode/extensions/redhat.java-1.20.0-linux-x64/lombok/lombok-1.18.28.jar -XX:+HeapDumpOnOutOfMemoryError -XX:HeapDumpPath=/home/nasim/.config/Code/User/workspaceStorage/5cacdb2f295474e7cfd010c2c2d009a2/redhat.java -Daether.dependencyCollector.impl=bf 
java_command: /home/nasim/.vscode/extensions/redhat.java-1.20.0-linux-x64/server/plugins/org.eclipse.equinox.launcher_1.6.500.v20230622-2056.jar -configuration /home/nasim/.config/Code/User/globalStorage/redhat.java/1.20.0/config_linux -data /home/nasim/.config/Code/User/workspaceStorage/5cacdb2f295474e7cfd010c2c2d009a2/redhat.java/jdt_ws
java_class_path (initial): /home/nasim/.vscode/extensions/redhat.java-1.20.0-linux-x64/server/plugins/org.eclipse.equinox.launcher_1.6.500.v20230622-2056.jar
Launcher Type: SUN_STANDARD

[Global flags]
    uintx AdaptiveSizePolicyWeight                 = 90                                        {product} {command line}
     intx CICompilerCount                          = 3                                         {product} {ergonomic}
    uintx GCTimeRatio                              = 4                                         {product} {command line}
     bool HeapDumpOnOutOfMemoryError               = true                                   {manageable} {command line}
    ccstr HeapDumpPath                             = /home/nasim/.config/Code/User/workspaceStorage/5cacdb2f295474e7cfd010c2c2d009a2/redhat.java         {manageable} {command line}
   size_t InitialHeapSize                          = 104857600                                 {product} {command line}
   size_t MaxHeapSize                              = 1073741824                                {product} {command line}
   size_t MaxNewSize                               = 357564416                                 {product} {ergonomic}
   size_t MinHeapDeltaBytes                        = 524288                                    {product} {ergonomic}
   size_t MinHeapSize                              = 104857600                                 {product} {command line}
   size_t NewSize                                  = 34603008                                  {product} {ergonomic}
    uintx NonNMethodCodeHeapSize                   = 5832780                                {pd product} {ergonomic}
    uintx NonProfiledCodeHeapSize                  = 122912730                              {pd product} {ergonomic}
   size_t OldSize                                  = 70254592                                  {product} {ergonomic}
    uintx ProfiledCodeHeapSize                     = 122912730                              {pd product} {ergonomic}
    uintx ReservedCodeCacheSize                    = 251658240                              {pd product} {ergonomic}
     bool SegmentedCodeCache                       = true                                      {product} {ergonomic}
   size_t SoftMaxHeapSize                          = 1073741824                             {manageable} {ergonomic}
     bool UseCompressedClassPointers               = true                           {product lp64_product} {ergonomic}
     bool UseCompressedOops                        = true                           {product lp64_product} {ergonomic}
     bool UseParallelGC                            = true                                      {product} {command line}

Logging:
Log output configuration:
 #0: stdout all=off uptime,level,tags
 #1: stderr all=off uptime,level,tags

Environment Variables:
JAVA_HOME=/usr/lib/jvm/java-11-openjdk-amd64
PATH=/home/nasim/.nvm/versions/node/v16.20.1/bin:/usr/local/sbin:/usr/local/bin:/usr/sbin:/usr/bin:/sbin:/bin:/usr/games:/usr/local/games:/snap/bin:/snap/bin:/home/nasim/Android/Sdk/emulator:/home/nasim/Android/Sdk/platform-tools
USERNAME=nasim
SHELL=/bin/bash
DISPLAY=:0
LANG=en_US.UTF-8

Active Locale:
LC_ALL=en_US.UTF-8
LC_COLLATE=en_US.UTF-8
LC_CTYPE=en_US.UTF-8
LC_MESSAGES=en_US.UTF-8
LC_MONETARY=en_US.UTF-8
LC_NUMERIC=en_US.UTF-8
LC_TIME=en_US.UTF-8

Signal Handlers:
   SIGSEGV: crash_handler in libjvm.so, mask=11100100010111111101111111111110, flags=SA_RESTART|SA_SIGINFO, unblocked
    SIGBUS: crash_handler in libjvm.so, mask=11100100010111111101111111111110, flags=SA_RESTART|SA_SIGINFO, unblocked
    SIGFPE: crash_handler in libjvm.so, mask=11100100010111111101111111111110, flags=SA_RESTART|SA_SIGINFO, unblocked
   SIGPIPE: javaSignalHandler in libjvm.so, mask=11100100010111111101111111111110, flags=SA_RESTART|SA_SIGINFO, blocked
   SIGXFSZ: javaSignalHandler in libjvm.so, mask=11100100010111111101111111111110, flags=SA_RESTART|SA_SIGINFO, blocked
    SIGILL: crash_handler in libjvm.so, mask=11100100010111111101111111111110, flags=SA_RESTART|SA_SIGINFO, unblocked
   SIGUSR2: SR_handler in libjvm.so, mask=00000000000000000000000000000000, flags=SA_RESTART|SA_SIGINFO, blocked
    SIGHUP: UserHandler in libjvm.so, mask=11100100010111111101111111111110, flags=SA_RESTART|SA_SIGINFO, blocked
    SIGINT: UserHandler in libjvm.so, mask=11100100010111111101111111111110, flags=SA_RESTART|SA_SIGINFO, blocked
   SIGTERM: UserHandler in libjvm.so, mask=11100100010111111101111111111110, flags=SA_RESTART|SA_SIGINFO, blocked
   SIGQUIT: UserHandler in libjvm.so, mask=11100100010111111101111111111110, flags=SA_RESTART|SA_SIGINFO, blocked
   SIGTRAP: crash_handler in libjvm.so, mask=11100100010111111101111111111110, flags=SA_RESTART|SA_SIGINFO, unblocked


---------------  S Y S T E M  ---------------

OS:
DISTRIB_ID=Ubuntu
DISTRIB_RELEASE=23.04
DISTRIB_CODENAME=lunar
DISTRIB_DESCRIPTION="Ubuntu 23.04"
uname: Linux 6.2.0-24-generic #24-Ubuntu SMP PREEMPT_DYNAMIC Fri Jun 16 12:03:50 UTC 2023 x86_64
OS uptime: 0 days 3:00 hours
libc: glibc 2.37 NPTL 2.37 
rlimit (soft/hard): STACK 8192k/infinity , CORE 0k/infinity , NPROC 47048/47048 , NOFILE 1048576/1048576 , AS infinity/infinity , CPU infinity/infinity , DATA infinity/infinity , FSIZE infinity/infinity , MEMLOCK 1516240k/1516240k
load average: 5.34 3.68 2.58

/proc/meminfo:
MemTotal:       12129924 kB
MemFree:         2201904 kB
MemAvailable:    6051848 kB
Buffers:          364516 kB
Cached:          3994084 kB
SwapCached:            0 kB
Active:          1688528 kB
Inactive:        7391376 kB
Active(anon):       5688 kB
Inactive(anon):  5131660 kB
Active(file):    1682840 kB
Inactive(file):  2259716 kB
Unevictable:      292516 kB
Mlocked:              48 kB
SwapTotal:       4194300 kB
SwapFree:        4194300 kB
Zswap:                 0 kB
Zswapped:              0 kB
Dirty:              1352 kB
Writeback:             0 kB
AnonPages:       5013700 kB
Mapped:           917968 kB
Shmem:            420684 kB
KReclaimable:     230984 kB
Slab:             394604 kB
SReclaimable:     230984 kB
SUnreclaim:       163620 kB
KernelStack:       20760 kB
PageTables:        57280 kB
SecPageTables:         0 kB
NFS_Unstable:          0 kB
Bounce:                0 kB
WritebackTmp:          0 kB
CommitLimit:    10259260 kB
Committed_AS:   16323484 kB
VmallocTotal:   34359738367 kB
VmallocUsed:       49348 kB
VmallocChunk:          0 kB
Percpu:             6272 kB
HardwareCorrupted:     0 kB
AnonHugePages:         0 kB
ShmemHugePages:        0 kB
ShmemPmdMapped:        0 kB
FileHugePages:         0 kB
FilePmdMapped:         0 kB
HugePages_Total:       0
HugePages_Free:        0
HugePages_Rsvd:        0
HugePages_Surp:        0
Hugepagesize:       2048 kB
Hugetlb:               0 kB
DirectMap4k:      170752 kB
DirectMap2M:     3917824 kB
DirectMap1G:     8388608 kB

/sys/kernel/mm/transparent_hugepage/enabled: always [madvise] never
/sys/kernel/mm/transparent_hugepage/defrag (defrag/compaction efforts parameter): always defer defer+madvise [madvise] never

Process Memory:
Virtual Size: 4773596K (peak: 4775200K)
Resident Set Size: 745016K (peak: 914988K) (anon: 579384K, file: 165632K, shmem: 0K)
Swapped out: 0K
C-Heap outstanding allocations: 106165K, retained: 99126K
glibc malloc tunables: (default)

/proc/sys/kernel/threads-max (system-wide limit on the number of threads): 94097
/proc/sys/vm/max_map_count (maximum number of memory map areas a process may have): 65530
/proc/sys/kernel/pid_max (system-wide limit on number of process identifiers): 4194304

container (cgroup) information:
container_type: cgroupv2
cpu_cpuset_cpus: not supported
cpu_memory_nodes: not supported
active_processor_count: 4
cpu_quota: not supported
cpu_period: not supported
cpu_shares: not supported
memory_limit_in_bytes: unlimited
memory_and_swap_limit_in_bytes: unlimited
memory_soft_limit_in_bytes: unlimited
memory_usage_in_bytes: 4156744 k
memory_max_usage_in_bytes: not supported
memory_swap_current_in_bytes: unlimited
memory_swap_max_limit_in_bytes: unlimited
maximum number of tasks: 14114
current number of tasks: 416

Steal ticks since vm start: 0
Steal ticks percentage since vm start:  0.000

CPU: total 8 (initial active 4) (2 cores per cpu, 2 threads per core) family 6 model 69 stepping 1 microcode 0x26, cx8, cmov, fxsr, ht, mmx, sse, sse2, sse3, ssse3, sse4.1, sse4.2, popcnt, lzcnt, tsc, tscinvbit, avx, avx2, aes, erms, clmul, bmi1, bmi2, fma, vzeroupper, clflush
CPU Model and flags from /proc/cpuinfo:
model name	: Intel(R) Core(TM) i5-4200U CPU @ 1.60GHz
flags		: fpu vme de pse tsc msr pae mce cx8 apic sep mtrr pge mca cmov pat pse36 clflush dts acpi mmx fxsr sse sse2 ss ht tm pbe syscall nx pdpe1gb rdtscp lm constant_tsc arch_perfmon pebs bts rep_good nopl xtopology nonstop_tsc cpuid aperfmperf pni pclmulqdq dtes64 monitor ds_cpl vmx est tm2 ssse3 sdbg fma cx16 xtpr pdcm pcid sse4_1 sse4_2 movbe popcnt tsc_deadline_timer aes xsave avx f16c rdrand lahf_lm abm cpuid_fault epb invpcid_single pti ssbd ibrs ibpb stibp tpr_shadow vnmi flexpriority ept vpid ept_ad fsgsbase tsc_adjust bmi1 avx2 smep bmi2 erms invpcid xsaveopt dtherm ida arat pln pts md_clear flush_l1d

Online cpus: 0-3
Offline cpus: 4-7
BIOS frequency limitation: <Not Available>
Frequency switch latency (ns): 20000
Available cpu frequencies: <Not Available>
Current governor: schedutil
Core performance/turbo boost: <Not Available>

Memory: 4k page, physical 12129924k(2201652k free), swap 4194300k(4194300k free)
Page Sizes: 4k

vm_info: OpenJDK 64-Bit Server VM (17.0.7+7) for linux-amd64 JRE (17.0.7+7), built on Apr 18 2023 00:00:00 by "temurin" with gcc 10.3.0

END.
